#
# There is insufficient memory for the Java Runtime Environment to continue.
# Native memory allocation (malloc) failed to allocate 1048576 bytes. Error detail: AllocateHeap
# Possible reasons:
#   The system is out of physical RAM or swap space
#   This process is running with CompressedOops enabled, and the Java Heap may be blocking the growth of the native heap
# Possible solutions:
#   Reduce memory load on the system
#   Increase physical memory or swap space
#   Check if swap backing store is full
#   Decrease Java heap size (-Xmx/-Xms)
#   Decrease number of Java threads
#   Decrease Java thread stack sizes (-Xss)
#   Set larger code cache with -XX:ReservedCodeCacheSize=
#   JVM is running with Unscaled Compressed Oops mode in which the Java heap is
#     placed in the first 4GB address space. The Java Heap base address is the
#     maximum limit for the native heap growth. Please use -XX:HeapBaseMinAddress
#     to set the Java Heap base and to place the Java Heap above 4GB virtual address.
# This output file may be truncated or incomplete.
#
#  Out of Memory Error (allocation.cpp:44), pid=45324, tid=109108
#
# JRE version: OpenJDK Runtime Environment Temurin-21.0.8+9 (21.0.8+9) (build 21.0.8+9-LTS)
# Java VM: OpenJDK 64-Bit Server VM Temurin-21.0.8+9 (21.0.8+9-LTS, mixed mode, sharing, tiered, compressed oops, compressed class ptrs, parallel gc, windows-amd64)
# No core dump will be written. Minidumps are not enabled by default on client versions of Windows
#

---------------  S U M M A R Y ------------

Command Line: --add-modules=ALL-SYSTEM --add-opens=java.base/java.util=ALL-UNNAMED --add-opens=java.base/java.lang=ALL-UNNAMED --add-opens=java.base/sun.nio.fs=ALL-UNNAMED -Declipse.application=org.eclipse.jdt.ls.core.id1 -Dosgi.bundles.defaultStartLevel=4 -Declipse.product=org.eclipse.jdt.ls.core.product -Djava.import.generatesMetadataFilesAtProjectRoot=false -DDetectVMInstallationsJob.disabled=true -Dfile.encoding=utf8 -XX:+UseParallelGC -XX:GCTimeRatio=4 -XX:AdaptiveSizePolicyWeight=90 -Dsun.zip.disableMemoryMapping=true -Xmx2G -Xms100m -Xlog:disable -javaagent:c:\Users\hbautistag\.vscode\extensions\redhat.java-1.45.0-win32-x64\lombok\lombok-1.18.39-4050.jar -XX:+HeapDumpOnOutOfMemoryError -XX:HeapDumpPath=c:\Users\hbautistag\AppData\Roaming\Code\User\workspaceStorage\869cc50323e5f608700e61a62b306868\redhat.java -Daether.dependencyCollector.impl=bf c:\Users\hbautistag\.vscode\extensions\redhat.java-1.45.0-win32-x64\server\plugins\org.eclipse.equinox.launcher_1.7.0.v20250519-0528.jar -configuration c:\Users\hbautistag\AppData\Roaming\Code\User\globalStorage\redhat.java\1.45.0\config_win -data c:\Users\hbautistag\AppData\Roaming\Code\User\workspaceStorage\869cc50323e5f608700e61a62b306868\redhat.java\jdt_ws --pipe=\\.\pipe\lsp-4bb35236a9d2c07cc6325676f4bd1baf-sock

Host: Intel(R) Core(TM) i5-10210U CPU @ 1.60GHz, 8 cores, 15G,  Windows 10 , 64 bit Build 19041 (10.0.19041.5438)
Time: Mon Sep 15 13:26:05 2025 Hora estándar central (México) elapsed time: 616648.250603 seconds (7d 3h 17m 28s)

---------------  T H R E A D  ---------------

Current thread (0x00000239b02b9980):  JavaThread "Attach Listener" daemon [_thread_in_vm, id=109108, stack(0x000000a92a300000,0x000000a92a400000) (1024K)]

Stack: [0x000000a92a300000,0x000000a92a400000]
Native frames: (J=compiled Java code, j=interpreted, Vv=VM code, C=native code)
V  [jvm.dll+0x6d2449]
V  [jvm.dll+0x8ae341]
V  [jvm.dll+0x8b08be]
V  [jvm.dll+0x8b0fa3]
V  [jvm.dll+0x280c96]
V  [jvm.dll+0xc0347]
V  [jvm.dll+0x6d2cf9]
V  [jvm.dll+0x131116]
V  [jvm.dll+0x3f2d16]
V  [jvm.dll+0x857e6b]
V  [jvm.dll+0x6d0b0d]
C  [ucrtbase.dll+0x21bb2]
C  [KERNEL32.DLL+0x17374]
C  [ntdll.dll+0x4cc91]


---------------  P R O C E S S  ---------------

Threads class SMR info:
_java_thread_list=0x00000239f2ed7f50, length=41, elements={
0x000002399985e860, 0x00000239b02b17b0, 0x00000239b02b3120, 0x00000239b02b8ab0,
0x00000239b02b9980, 0x00000239b02ba5d0, 0x00000239b02bb220, 0x00000239b02be3b0,
0x00000239f2c296d0, 0x00000239998c5cb0, 0x00000239f2f062e0, 0x00000239f7936c80,
0x00000239f7707e40, 0x00000239f799fbe0, 0x00000239f799a790, 0x00000239f7e359a0,
0x00000239f7b95780, 0x00000239f7b988c0, 0x00000239f7b9b6b0, 0x00000239f7b9a300,
0x00000239fa504740, 0x00000239fa502d00, 0x00000239fa503a20, 0x00000239fa509600,
0x00000239fa5040b0, 0x00000239fa506180, 0x00000239fa505460, 0x00000239fa507530,
0x00000239fa508f70, 0x00000239fa505af0, 0x00000239fa502670, 0x00000239fa506810,
0x00000239fcf9e560, 0x00000239fcf9ebf0, 0x00000239fcfa0cc0, 0x00000239fcfa1350,
0x00000239fcfa2070, 0x00000239f7b98230, 0x00000239f7b9a990, 0x00000239f76c4dd0,
0x00000239fcfa19e0
}

Java Threads: ( => current thread )
  0x000002399985e860 JavaThread "main"                              [_thread_blocked, id=127724, stack(0x000000a929c00000,0x000000a929d00000) (1024K)]
  0x00000239b02b17b0 JavaThread "Reference Handler"          daemon [_thread_blocked, id=110844, stack(0x000000a92a000000,0x000000a92a100000) (1024K)]
  0x00000239b02b3120 JavaThread "Finalizer"                  daemon [_thread_blocked, id=182448, stack(0x000000a92a100000,0x000000a92a200000) (1024K)]
  0x00000239b02b8ab0 JavaThread "Signal Dispatcher"          daemon [_thread_blocked, id=184496, stack(0x000000a92a200000,0x000000a92a300000) (1024K)]
=>0x00000239b02b9980 JavaThread "Attach Listener"            daemon [_thread_in_vm, id=109108, stack(0x000000a92a300000,0x000000a92a400000) (1024K)]
  0x00000239b02ba5d0 JavaThread "Service Thread"             daemon [_thread_blocked, id=156236, stack(0x000000a92a400000,0x000000a92a500000) (1024K)]
  0x00000239b02bb220 JavaThread "Monitor Deflation Thread"   daemon [_thread_blocked, id=110228, stack(0x000000a92a500000,0x000000a92a600000) (1024K)]
  0x00000239b02be3b0 JavaThread "C2 CompilerThread0"         daemon [_thread_blocked, id=169872, stack(0x000000a92a600000,0x000000a92a700000) (1024K)]
  0x00000239f2c296d0 JavaThread "C1 CompilerThread0"         daemon [_thread_blocked, id=185064, stack(0x000000a92a700000,0x000000a92a800000) (1024K)]
  0x00000239998c5cb0 JavaThread "Common-Cleaner"             daemon [_thread_blocked, id=44588, stack(0x000000a92a800000,0x000000a92a900000) (1024K)]
  0x00000239f2f062e0 JavaThread "Notification Thread"        daemon [_thread_blocked, id=23976, stack(0x000000a92a900000,0x000000a92aa00000) (1024K)]
  0x00000239f7936c80 JavaThread "Active Thread: Equinox Container: 8cdaa7cb-8e61-4f38-a661-c9038315c634"        [_thread_blocked, id=108108, stack(0x000000a92b200000,0x000000a92b300000) (1024K)]
  0x00000239f7707e40 JavaThread "Refresh Thread: Equinox Container: 8cdaa7cb-8e61-4f38-a661-c9038315c634" daemon [_thread_blocked, id=106804, stack(0x000000a92ab00000,0x000000a92ac00000) (1024K)]
  0x00000239f799fbe0 JavaThread "Framework Event Dispatcher: Equinox Container: 8cdaa7cb-8e61-4f38-a661-c9038315c634" daemon [_thread_blocked, id=157432, stack(0x000000a92b400000,0x000000a92b500000) (1024K)]
  0x00000239f799a790 JavaThread "Start Level: Equinox Container: 8cdaa7cb-8e61-4f38-a661-c9038315c634" daemon [_thread_blocked, id=108780, stack(0x000000a92b500000,0x000000a92b600000) (1024K)]
  0x00000239f7e359a0 JavaThread "Bundle File Closer"         daemon [_thread_blocked, id=184416, stack(0x000000a92b700000,0x000000a92b800000) (1024K)]
  0x00000239f7b95780 JavaThread "SCR Component Actor"        daemon [_thread_blocked, id=173872, stack(0x000000a92b600000,0x000000a92b700000) (1024K)]
  0x00000239f7b988c0 JavaThread "Worker-JM"                         [_thread_blocked, id=86484, stack(0x000000a92b900000,0x000000a92ba00000) (1024K)]
  0x00000239f7b9b6b0 JavaThread "JNA Cleaner"                daemon [_thread_blocked, id=183860, stack(0x000000a92aa00000,0x000000a92ab00000) (1024K)]
  0x00000239f7b9a300 JavaThread "Java indexing"              daemon [_thread_blocked, id=169532, stack(0x000000a92bf00000,0x000000a92c000000) (1024K)]
  0x00000239fa504740 JavaThread "Thread-3"                   daemon [_thread_in_native, id=144684, stack(0x000000a92c300000,0x000000a92c400000) (1024K)]
  0x00000239fa502d00 JavaThread "Thread-4"                   daemon [_thread_in_native, id=107272, stack(0x000000a92c400000,0x000000a92c500000) (1024K)]
  0x00000239fa503a20 JavaThread "Thread-5"                   daemon [_thread_in_native, id=119888, stack(0x000000a92c500000,0x000000a92c600000) (1024K)]
  0x00000239fa509600 JavaThread "Thread-6"                   daemon [_thread_in_native, id=95708, stack(0x000000a92c600000,0x000000a92c700000) (1024K)]
  0x00000239fa5040b0 JavaThread "Thread-7"                   daemon [_thread_in_native, id=181716, stack(0x000000a92c700000,0x000000a92c800000) (1024K)]
  0x00000239fa506180 JavaThread "Thread-8"                   daemon [_thread_in_native, id=109456, stack(0x000000a92c800000,0x000000a92c900000) (1024K)]
  0x00000239fa505460 JavaThread "Thread-9"                   daemon [_thread_in_native, id=98596, stack(0x000000a92c900000,0x000000a92ca00000) (1024K)]
  0x00000239fa507530 JavaThread "Thread-10"                  daemon [_thread_in_native, id=185576, stack(0x000000a92ca00000,0x000000a92cb00000) (1024K)]
  0x00000239fa508f70 JavaThread "Thread-11"                  daemon [_thread_in_native, id=181392, stack(0x000000a92cb00000,0x000000a92cc00000) (1024K)]
  0x00000239fa505af0 JavaThread "pool-2-thread-1"                   [_thread_blocked, id=114364, stack(0x000000a92bc00000,0x000000a92bd00000) (1024K)]
  0x00000239fa502670 JavaThread "WorkspaceEventsHandler"            [_thread_blocked, id=154748, stack(0x000000a92ce00000,0x000000a92cf00000) (1024K)]
  0x00000239fa506810 JavaThread "pool-1-thread-1"                   [_thread_blocked, id=184796, stack(0x000000a92cf00000,0x000000a92d000000) (1024K)]
  0x00000239fcf9e560 JavaThread "Cleaner-0"                  daemon [_thread_blocked, id=134668, stack(0x000000a929900000,0x000000a929a00000) (1024K)]
  0x00000239fcf9ebf0 JavaThread "Java Debug Server"          daemon [_thread_in_native, id=185956, stack(0x000000a92bd00000,0x000000a92be00000) (1024K)]
  0x00000239fcfa0cc0 JavaThread "RxSchedulerPurge-1"         daemon [_thread_blocked, id=141112, stack(0x000000a92ea00000,0x000000a92eb00000) (1024K)]
  0x00000239fcfa1350 JavaThread "RxCachedWorkerPoolEvictor-1" daemon [_thread_blocked, id=17756, stack(0x000000a92ef00000,0x000000a92f000000) (1024K)]
  0x00000239fcfa2070 JavaThread "process reaper (pid 185324)" daemon [_thread_in_native, id=131132, stack(0x000000a929530000,0x000000a929550000) (128K)]
  0x00000239f7b98230 JavaThread "pool-5-thread-2"                   [_thread_in_native, id=88496, stack(0x000000a929a00000,0x000000a929b00000) (1024K)]
  0x00000239f7b9a990 JavaThread "RxNewThreadScheduler-3"     daemon [_thread_blocked, id=158852, stack(0x000000a929b00000,0x000000a929c00000) (1024K)]
  0x00000239f76c4dd0 JavaThread "Worker-14"                         [_thread_blocked, id=217052, stack(0x000000a92b800000,0x000000a92b900000) (1024K)]
  0x00000239fcfa19e0 JavaThread "Worker-15"                         [_thread_blocked, id=232844, stack(0x000000a92bb00000,0x000000a92bc00000) (1024K)]
Total: 41

Other Threads:
  0x00000239b02a3630 VMThread "VM Thread"                           [id=162824, stack(0x000000a929f00000,0x000000a92a000000) (1024K)]
  0x00000239998c4580 WatcherThread "VM Periodic Task Thread"        [id=146152, stack(0x000000a929e00000,0x000000a929f00000) (1024K)]
  0x00000239998762c0 WorkerThread "GC Thread#0"                     [id=129380, stack(0x000000a929d00000,0x000000a929e00000) (1024K)]
  0x00000239f78cfca0 WorkerThread "GC Thread#1"                     [id=183180, stack(0x000000a92ac00000,0x000000a92ad00000) (1024K)]
  0x00000239f77be9c0 WorkerThread "GC Thread#2"                     [id=182260, stack(0x000000a92ad00000,0x000000a92ae00000) (1024K)]
  0x00000239f786dcb0 WorkerThread "GC Thread#3"                     [id=178524, stack(0x000000a92ae00000,0x000000a92af00000) (1024K)]
  0x00000239f2fa8490 WorkerThread "GC Thread#4"                     [id=183268, stack(0x000000a92af00000,0x000000a92b000000) (1024K)]
  0x00000239f2fa8830 WorkerThread "GC Thread#5"                     [id=184448, stack(0x000000a92b000000,0x000000a92b100000) (1024K)]
  0x00000239f2fa8bd0 WorkerThread "GC Thread#6"                     [id=171836, stack(0x000000a92b100000,0x000000a92b200000) (1024K)]
  0x00000239f76f91d0 WorkerThread "GC Thread#7"                     [id=175368, stack(0x000000a92b300000,0x000000a92b400000) (1024K)]
Total: 10

Threads with active compile tasks:
Total: 0

VM state: not at safepoint (normal execution)

VM Mutex/Monitor currently owned by a thread: None

Heap address: 0x0000000080000000, size: 2048 MB, Compressed Oops mode: 32-bit

CDS archive(s) mapped at: [0x00000239b1000000-0x00000239b1ba0000-0x00000239b1ba0000), size 12189696, SharedBaseAddress: 0x00000239b1000000, ArchiveRelocationMode: 1.
Compressed class space mapped at: 0x00000239b2000000-0x00000239f2000000, reserved size: 1073741824
Narrow klass base: 0x00000239b1000000, Narrow klass shift: 0, Narrow klass range: 0x100000000

GC Precious Log:
 CardTable entry size: 512
 CPUs: 8 total, 8 available
 Memory: 16221M
 Large Page Support: Disabled
 NUMA Support: Disabled
 Compressed Oops: Enabled (32-bit)
 Alignments: Space 512K, Generation 512K, Heap 2M
 Heap Min Capacity: 100M
 Heap Initial Capacity: 100M
 Heap Max Capacity: 2G
 Pre-touch: Disabled
 Parallel Workers: 8

Heap:
 PSYoungGen      total 16896K, used 13957K [0x00000000d5580000, 0x00000000d6880000, 0x0000000100000000)
  eden space 16384K, 82% used [0x00000000d5580000,0x00000000d62a4460,0x00000000d6580000)
  from space 512K, 97% used [0x00000000d6800000,0x00000000d687d220,0x00000000d6880000)
  to   space 1024K, 0% used [0x00000000d6680000,0x00000000d6680000,0x00000000d6780000)
 ParOldGen       total 777728K, used 380804K [0x0000000080000000, 0x00000000af780000, 0x00000000d5580000)
  object space 777728K, 48% used [0x0000000080000000,0x00000000973e11b8,0x00000000af780000)
 Metaspace       used 87167K, committed 88960K, reserved 1179648K
  class space    used 8888K, committed 9664K, reserved 1048576K

Card table byte_map: [0x00000239991f0000,0x0000023999600000] _byte_map_base: 0x0000023998df0000

Marking Bits: (ParMarkBitMap*) 0x00007ffdf5e5a340
 Begin Bits: [0x00000239abcc0000, 0x00000239adcc0000)
 End Bits:   [0x00000239adcc0000, 0x00000239afcc0000)

Polling page: 0x0000023998fe0000

Metaspace:

Usage:
  Non-class:     76.44 MB used.
      Class:      8.68 MB used.
       Both:     85.12 MB used.

Virtual space:
  Non-class space:      128.00 MB reserved,      77.44 MB ( 60%) committed,  2 nodes.
      Class space:        1.00 GB reserved,       9.44 MB ( <1%) committed,  1 nodes.
             Both:        1.12 GB reserved,      86.88 MB (  8%) committed. 

Chunk freelists:
   Non-Class:  1.81 MB
       Class:  6.59 MB
        Both:  8.40 MB

MaxMetaspaceSize: unlimited
CompressedClassSpaceSize: 1.00 GB
Initial GC threshold: 21.00 MB
Current GC threshold: 136.19 MB
CDS: on
 - commit_granule_bytes: 65536.
 - commit_granule_words: 8192.
 - virtual_space_node_default_size: 8388608.
 - enlarge_chunks_in_place: 1.
 - use_allocation_guard: 0.


Internal statistics:

num_allocs_failed_limit: 9.
num_arena_births: 1746.
num_arena_deaths: 22.
num_vsnodes_births: 3.
num_vsnodes_deaths: 0.
num_space_committed: 1389.
num_space_uncommitted: 0.
num_chunks_returned_to_freelist: 35.
num_chunks_taken_from_freelist: 6003.
num_chunk_merges: 18.
num_chunk_splits: 3629.
num_chunks_enlarged: 1989.
num_inconsistent_stats: 0.

CodeHeap 'non-profiled nmethods': size=120000Kb used=21900Kb max_used=21900Kb free=98099Kb
 bounds [0x00000239a44e0000, 0x00000239a5a50000, 0x00000239aba10000]
CodeHeap 'profiled nmethods': size=120000Kb used=48880Kb max_used=48880Kb free=71119Kb
 bounds [0x000002399ca10000, 0x000002399f9d0000, 0x00000239a3f40000]
CodeHeap 'non-nmethods': size=5760Kb used=1521Kb max_used=1653Kb free=4238Kb
 bounds [0x00000239a3f40000, 0x00000239a41b0000, 0x00000239a44e0000]
CodeCache: size=245760Kb, used=72301Kb, max_used=72433Kb, free=173456Kb
 total_blobs=20705, nmethods=19852, adapters=754, full_count=0
Compilation: enabled, stopped_count=0, restarted_count=0

Compilation events (20 events):
Event: 609944.312 Thread 0x00000239f2c296d0 nmethod 21742 0x000002399f9c8f90 code [0x000002399f9c9180, 0x000002399f9c97c8]
Event: 609944.312 Thread 0x00000239f2c296d0 21743       3       org.eclipse.jdt.ls.core.internal.semantictokens.SemanticTokensVisitor::visit (24 bytes)
Event: 609944.320 Thread 0x00000239f2c296d0 nmethod 21743 0x000002399f9c9990 code [0x000002399f9c9bc0, 0x000002399f9ca2e0]
Event: 609944.524 Thread 0x00000239b02be3b0 nmethod 21744 0x00000239a5a36d10 code [0x00000239a5a37100, 0x00000239a5a39218]
Event: 609949.373 Thread 0x00000239f2c296d0 21745       3       java.util.TreeSet::addAll (82 bytes)
Event: 609949.384 Thread 0x00000239f2c296d0 nmethod 21745 0x000002399f9ca610 code [0x000002399f9ca860, 0x000002399f9cb3d0]
Event: 609949.437 Thread 0x00000239b02be3b0 21746       4       org.eclipse.jdt.internal.compiler.codegen.CodeStream::load (13 bytes)
Event: 609949.441 Thread 0x00000239b02be3b0 nmethod 21746 0x00000239a5a3a090 code [0x00000239a5a3a220, 0x00000239a5a3a2f0]
Event: 609949.445 Thread 0x00000239f2c296d0 21747       3       org.eclipse.ltk.core.refactoring.RefactoringStatus::isOK (11 bytes)
Event: 609949.446 Thread 0x00000239f2c296d0 nmethod 21747 0x000002399f9cb610 code [0x000002399f9cb7c0, 0x000002399f9cb930]
Event: 609949.451 Thread 0x00000239f2c296d0 21748       3       java.util.List::spliterator (23 bytes)
Event: 609949.452 Thread 0x00000239b02be3b0 21749       4       org.eclipse.jdt.core.dom.ASTVisitor::endVisit (1 bytes)
Event: 609949.452 Thread 0x00000239b02be3b0 nmethod 21749 0x00000239a5a3a410 code [0x00000239a5a3a5a0, 0x00000239a5a3a628]
Event: 609949.452 Thread 0x00000239b02be3b0 21750       4       org.eclipse.jdt.core.dom.ASTVisitor::endVisit (1 bytes)
Event: 609949.453 Thread 0x00000239b02be3b0 nmethod 21750 0x00000239a5a3a710 code [0x00000239a5a3a8a0, 0x00000239a5a3a928]
Event: 609949.457 Thread 0x00000239f2c296d0 nmethod 21748 0x000002399f9cba10 code [0x000002399f9cbc00, 0x000002399f9cc1a8]
Event: 610050.061 Thread 0x00000239b02be3b0 21751       4       org.eclipse.jdt.internal.core.manipulation.JavaElementLabelComposerCore::appendTypeSignatureLabel (291 bytes)
Event: 610050.428 Thread 0x00000239b02be3b0 nmethod 21751 0x00000239a5a3aa10 code [0x00000239a5a3b060, 0x00000239a5a400d8]
Event: 610050.429 Thread 0x00000239b02be3b0 21752       4       org.eclipse.jdt.core.Signature::getTypeSignatureKind (299 bytes)
Event: 610050.431 Thread 0x00000239b02be3b0 nmethod 21752 0x00000239a5a42f10 code [0x00000239a5a430a0, 0x00000239a5a431e8]

GC Heap History (20 events):
Event: 599121.505 GC heap before
{Heap before GC invocations=1381 (full 4):
 PSYoungGen      total 16896K, used 16640K [0x00000000d5580000, 0x00000000d6800000, 0x0000000100000000)
  eden space 16384K, 100% used [0x00000000d5580000,0x00000000d6580000,0x00000000d6580000)
  from space 512K, 50% used [0x00000000d6780000,0x00000000d67c0000,0x00000000d6800000)
  to   space 512K, 0% used [0x00000000d6700000,0x00000000d6700000,0x00000000d6780000)
 ParOldGen       total 777728K, used 377589K [0x0000000080000000, 0x00000000af780000, 0x00000000d5580000)
  object space 777728K, 48% used [0x0000000080000000,0x00000000970bd758,0x00000000af780000)
 Metaspace       used 87072K, committed 88896K, reserved 1179648K
  class space    used 8885K, committed 9664K, reserved 1048576K
}
Event: 599121.517 GC heap after
{Heap after GC invocations=1381 (full 4):
 PSYoungGen      total 16896K, used 384K [0x00000000d5580000, 0x00000000d6800000, 0x0000000100000000)
  eden space 16384K, 0% used [0x00000000d5580000,0x00000000d5580000,0x00000000d6580000)
  from space 512K, 75% used [0x00000000d6700000,0x00000000d6760020,0x00000000d6780000)
  to   space 512K, 0% used [0x00000000d6780000,0x00000000d6780000,0x00000000d6800000)
 ParOldGen       total 777728K, used 377589K [0x0000000080000000, 0x00000000af780000, 0x00000000d5580000)
  object space 777728K, 48% used [0x0000000080000000,0x00000000970bd758,0x00000000af780000)
 Metaspace       used 87072K, committed 88896K, reserved 1179648K
  class space    used 8885K, committed 9664K, reserved 1048576K
}
Event: 599134.952 GC heap before
{Heap before GC invocations=1382 (full 4):
 PSYoungGen      total 16896K, used 16768K [0x00000000d5580000, 0x00000000d6800000, 0x0000000100000000)
  eden space 16384K, 100% used [0x00000000d5580000,0x00000000d6580000,0x00000000d6580000)
  from space 512K, 75% used [0x00000000d6700000,0x00000000d6760020,0x00000000d6780000)
  to   space 512K, 0% used [0x00000000d6780000,0x00000000d6780000,0x00000000d6800000)
 ParOldGen       total 777728K, used 377589K [0x0000000080000000, 0x00000000af780000, 0x00000000d5580000)
  object space 777728K, 48% used [0x0000000080000000,0x00000000970bd758,0x00000000af780000)
 Metaspace       used 87078K, committed 88896K, reserved 1179648K
  class space    used 8885K, committed 9664K, reserved 1048576K
}
Event: 599134.957 GC heap after
{Heap after GC invocations=1382 (full 4):
 PSYoungGen      total 16896K, used 320K [0x00000000d5580000, 0x00000000d6800000, 0x0000000100000000)
  eden space 16384K, 0% used [0x00000000d5580000,0x00000000d5580000,0x00000000d6580000)
  from space 512K, 62% used [0x00000000d6780000,0x00000000d67d0020,0x00000000d6800000)
  to   space 512K, 0% used [0x00000000d6700000,0x00000000d6700000,0x00000000d6780000)
 ParOldGen       total 777728K, used 377725K [0x0000000080000000, 0x00000000af780000, 0x00000000d5580000)
  object space 777728K, 48% used [0x0000000080000000,0x00000000970df778,0x00000000af780000)
 Metaspace       used 87078K, committed 88896K, reserved 1179648K
  class space    used 8885K, committed 9664K, reserved 1048576K
}
Event: 602250.181 GC heap before
{Heap before GC invocations=1383 (full 4):
 PSYoungGen      total 16896K, used 16704K [0x00000000d5580000, 0x00000000d6800000, 0x0000000100000000)
  eden space 16384K, 100% used [0x00000000d5580000,0x00000000d6580000,0x00000000d6580000)
  from space 512K, 62% used [0x00000000d6780000,0x00000000d67d0020,0x00000000d6800000)
  to   space 512K, 0% used [0x00000000d6700000,0x00000000d6700000,0x00000000d6780000)
 ParOldGen       total 777728K, used 377725K [0x0000000080000000, 0x00000000af780000, 0x00000000d5580000)
  object space 777728K, 48% used [0x0000000080000000,0x00000000970df778,0x00000000af780000)
 Metaspace       used 87080K, committed 88896K, reserved 1179648K
  class space    used 8885K, committed 9664K, reserved 1048576K
}
Event: 602250.342 GC heap after
{Heap after GC invocations=1383 (full 4):
 PSYoungGen      total 16896K, used 352K [0x00000000d5580000, 0x00000000d6800000, 0x0000000100000000)
  eden space 16384K, 0% used [0x00000000d5580000,0x00000000d5580000,0x00000000d6580000)
  from space 512K, 68% used [0x00000000d6700000,0x00000000d6758040,0x00000000d6780000)
  to   space 512K, 0% used [0x00000000d6780000,0x00000000d6780000,0x00000000d6800000)
 ParOldGen       total 777728K, used 377749K [0x0000000080000000, 0x00000000af780000, 0x00000000d5580000)
  object space 777728K, 48% used [0x0000000080000000,0x00000000970e5778,0x00000000af780000)
 Metaspace       used 87080K, committed 88896K, reserved 1179648K
  class space    used 8885K, committed 9664K, reserved 1048576K
}
Event: 602372.620 GC heap before
{Heap before GC invocations=1384 (full 4):
 PSYoungGen      total 16896K, used 16736K [0x00000000d5580000, 0x00000000d6800000, 0x0000000100000000)
  eden space 16384K, 100% used [0x00000000d5580000,0x00000000d6580000,0x00000000d6580000)
  from space 512K, 68% used [0x00000000d6700000,0x00000000d6758040,0x00000000d6780000)
  to   space 512K, 0% used [0x00000000d6780000,0x00000000d6780000,0x00000000d6800000)
 ParOldGen       total 777728K, used 377749K [0x0000000080000000, 0x00000000af780000, 0x00000000d5580000)
  object space 777728K, 48% used [0x0000000080000000,0x00000000970e5778,0x00000000af780000)
 Metaspace       used 87086K, committed 88896K, reserved 1179648K
  class space    used 8885K, committed 9664K, reserved 1048576K
}
Event: 602372.724 GC heap after
{Heap after GC invocations=1384 (full 4):
 PSYoungGen      total 16896K, used 512K [0x00000000d5580000, 0x00000000d6800000, 0x0000000100000000)
  eden space 16384K, 0% used [0x00000000d5580000,0x00000000d5580000,0x00000000d6580000)
  from space 512K, 100% used [0x00000000d6780000,0x00000000d6800000,0x00000000d6800000)
  to   space 1024K, 0% used [0x00000000d6600000,0x00000000d6600000,0x00000000d6700000)
 ParOldGen       total 777728K, used 377909K [0x0000000080000000, 0x00000000af780000, 0x00000000d5580000)
  object space 777728K, 48% used [0x0000000080000000,0x000000009710d798,0x00000000af780000)
 Metaspace       used 87086K, committed 88896K, reserved 1179648K
  class space    used 8885K, committed 9664K, reserved 1048576K
}
Event: 602374.853 GC heap before
{Heap before GC invocations=1385 (full 4):
 PSYoungGen      total 16896K, used 16896K [0x00000000d5580000, 0x00000000d6800000, 0x0000000100000000)
  eden space 16384K, 100% used [0x00000000d5580000,0x00000000d6580000,0x00000000d6580000)
  from space 512K, 100% used [0x00000000d6780000,0x00000000d6800000,0x00000000d6800000)
  to   space 1024K, 0% used [0x00000000d6600000,0x00000000d6600000,0x00000000d6700000)
 ParOldGen       total 777728K, used 377909K [0x0000000080000000, 0x00000000af780000, 0x00000000d5580000)
  object space 777728K, 48% used [0x0000000080000000,0x000000009710d798,0x00000000af780000)
 Metaspace       used 87107K, committed 88960K, reserved 1179648K
  class space    used 8885K, committed 9664K, reserved 1048576K
}
Event: 602374.894 GC heap after
{Heap after GC invocations=1385 (full 4):
 PSYoungGen      total 17408K, used 1024K [0x00000000d5580000, 0x00000000d6a80000, 0x0000000100000000)
  eden space 16384K, 0% used [0x00000000d5580000,0x00000000d5580000,0x00000000d6580000)
  from space 1024K, 100% used [0x00000000d6600000,0x00000000d6700000,0x00000000d6700000)
  to   space 2560K, 0% used [0x00000000d6800000,0x00000000d6800000,0x00000000d6a80000)
 ParOldGen       total 777728K, used 379067K [0x0000000080000000, 0x00000000af780000, 0x00000000d5580000)
  object space 777728K, 48% used [0x0000000080000000,0x000000009722ed68,0x00000000af780000)
 Metaspace       used 87107K, committed 88960K, reserved 1179648K
  class space    used 8885K, committed 9664K, reserved 1048576K
}
Event: 602462.008 GC heap before
{Heap before GC invocations=1386 (full 4):
 PSYoungGen      total 17408K, used 17408K [0x00000000d5580000, 0x00000000d6a80000, 0x0000000100000000)
  eden space 16384K, 100% used [0x00000000d5580000,0x00000000d6580000,0x00000000d6580000)
  from space 1024K, 100% used [0x00000000d6600000,0x00000000d6700000,0x00000000d6700000)
  to   space 2560K, 0% used [0x00000000d6800000,0x00000000d6800000,0x00000000d6a80000)
 ParOldGen       total 777728K, used 379067K [0x0000000080000000, 0x00000000af780000, 0x00000000d5580000)
  object space 777728K, 48% used [0x0000000080000000,0x000000009722ed68,0x00000000af780000)
 Metaspace       used 87155K, committed 88960K, reserved 1179648K
  class space    used 8887K, committed 9664K, reserved 1048576K
}
Event: 602462.031 GC heap after
{Heap after GC invocations=1386 (full 4):
 PSYoungGen      total 16896K, used 416K [0x00000000d5580000, 0x00000000d6880000, 0x0000000100000000)
  eden space 16384K, 0% used [0x00000000d5580000,0x00000000d5580000,0x00000000d6580000)
  from space 512K, 81% used [0x00000000d6800000,0x00000000d6868020,0x00000000d6880000)
  to   space 1536K, 0% used [0x00000000d6580000,0x00000000d6580000,0x00000000d6700000)
 ParOldGen       total 777728K, used 380119K [0x0000000080000000, 0x00000000af780000, 0x00000000d5580000)
  object space 777728K, 48% used [0x0000000080000000,0x0000000097335f78,0x00000000af780000)
 Metaspace       used 87155K, committed 88960K, reserved 1179648K
  class space    used 8887K, committed 9664K, reserved 1048576K
}
Event: 602464.506 GC heap before
{Heap before GC invocations=1387 (full 4):
 PSYoungGen      total 16896K, used 16800K [0x00000000d5580000, 0x00000000d6880000, 0x0000000100000000)
  eden space 16384K, 100% used [0x00000000d5580000,0x00000000d6580000,0x00000000d6580000)
  from space 512K, 81% used [0x00000000d6800000,0x00000000d6868020,0x00000000d6880000)
  to   space 1536K, 0% used [0x00000000d6580000,0x00000000d6580000,0x00000000d6700000)
 ParOldGen       total 777728K, used 380119K [0x0000000080000000, 0x00000000af780000, 0x00000000d5580000)
  object space 777728K, 48% used [0x0000000080000000,0x0000000097335f78,0x00000000af780000)
 Metaspace       used 87158K, committed 88960K, reserved 1179648K
  class space    used 8887K, committed 9664K, reserved 1048576K
}
Event: 602464.520 GC heap after
{Heap after GC invocations=1387 (full 4):
 PSYoungGen      total 17920K, used 352K [0x00000000d5580000, 0x00000000d6880000, 0x0000000100000000)
  eden space 16384K, 0% used [0x00000000d5580000,0x00000000d5580000,0x00000000d6580000)
  from space 1536K, 22% used [0x00000000d6580000,0x00000000d65d8020,0x00000000d6700000)
  to   space 512K, 0% used [0x00000000d6800000,0x00000000d6800000,0x00000000d6880000)
 ParOldGen       total 777728K, used 380444K [0x0000000080000000, 0x00000000af780000, 0x00000000d5580000)
  object space 777728K, 48% used [0x0000000080000000,0x0000000097387188,0x00000000af780000)
 Metaspace       used 87158K, committed 88960K, reserved 1179648K
  class space    used 8887K, committed 9664K, reserved 1048576K
}
Event: 607521.574 GC heap before
{Heap before GC invocations=1388 (full 4):
 PSYoungGen      total 17920K, used 16736K [0x00000000d5580000, 0x00000000d6880000, 0x0000000100000000)
  eden space 16384K, 100% used [0x00000000d5580000,0x00000000d6580000,0x00000000d6580000)
  from space 1536K, 22% used [0x00000000d6580000,0x00000000d65d8020,0x00000000d6700000)
  to   space 512K, 0% used [0x00000000d6800000,0x00000000d6800000,0x00000000d6880000)
 ParOldGen       total 777728K, used 380444K [0x0000000080000000, 0x00000000af780000, 0x00000000d5580000)
  object space 777728K, 48% used [0x0000000080000000,0x0000000097387188,0x00000000af780000)
 Metaspace       used 87159K, committed 88960K, reserved 1179648K
  class space    used 8888K, committed 9664K, reserved 1048576K
}
Event: 607521.740 GC heap after
{Heap after GC invocations=1388 (full 4):
 PSYoungGen      total 16896K, used 352K [0x00000000d5580000, 0x00000000d6880000, 0x0000000100000000)
  eden space 16384K, 0% used [0x00000000d5580000,0x00000000d5580000,0x00000000d6580000)
  from space 512K, 68% used [0x00000000d6800000,0x00000000d6858020,0x00000000d6880000)
  to   space 512K, 0% used [0x00000000d6780000,0x00000000d6780000,0x00000000d6800000)
 ParOldGen       total 777728K, used 380548K [0x0000000080000000, 0x00000000af780000, 0x00000000d5580000)
  object space 777728K, 48% used [0x0000000080000000,0x00000000973a11a8,0x00000000af780000)
 Metaspace       used 87159K, committed 88960K, reserved 1179648K
  class space    used 8888K, committed 9664K, reserved 1048576K
}
Event: 609942.930 GC heap before
{Heap before GC invocations=1389 (full 4):
 PSYoungGen      total 16896K, used 16731K [0x00000000d5580000, 0x00000000d6880000, 0x0000000100000000)
  eden space 16384K, 99% used [0x00000000d5580000,0x00000000d657ee30,0x00000000d6580000)
  from space 512K, 68% used [0x00000000d6800000,0x00000000d6858020,0x00000000d6880000)
  to   space 512K, 0% used [0x00000000d6780000,0x00000000d6780000,0x00000000d6800000)
 ParOldGen       total 777728K, used 380548K [0x0000000080000000, 0x00000000af780000, 0x00000000d5580000)
  object space 777728K, 48% used [0x0000000080000000,0x00000000973a11a8,0x00000000af780000)
 Metaspace       used 87160K, committed 88960K, reserved 1179648K
  class space    used 8888K, committed 9664K, reserved 1048576K
}
Event: 609943.102 GC heap after
{Heap after GC invocations=1389 (full 4):
 PSYoungGen      total 16896K, used 224K [0x00000000d5580000, 0x00000000d6880000, 0x0000000100000000)
  eden space 16384K, 0% used [0x00000000d5580000,0x00000000d5580000,0x00000000d6580000)
  from space 512K, 43% used [0x00000000d6780000,0x00000000d67b8000,0x00000000d6800000)
  to   space 512K, 0% used [0x00000000d6800000,0x00000000d6800000,0x00000000d6880000)
 ParOldGen       total 777728K, used 380580K [0x0000000080000000, 0x00000000af780000, 0x00000000d5580000)
  object space 777728K, 48% used [0x0000000080000000,0x00000000973a91a8,0x00000000af780000)
 Metaspace       used 87160K, committed 88960K, reserved 1179648K
  class space    used 8888K, committed 9664K, reserved 1048576K
}
Event: 609949.397 GC heap before
{Heap before GC invocations=1390 (full 4):
 PSYoungGen      total 16896K, used 16608K [0x00000000d5580000, 0x00000000d6880000, 0x0000000100000000)
  eden space 16384K, 100% used [0x00000000d5580000,0x00000000d6580000,0x00000000d6580000)
  from space 512K, 43% used [0x00000000d6780000,0x00000000d67b8000,0x00000000d6800000)
  to   space 512K, 0% used [0x00000000d6800000,0x00000000d6800000,0x00000000d6880000)
 ParOldGen       total 777728K, used 380580K [0x0000000080000000, 0x00000000af780000, 0x00000000d5580000)
  object space 777728K, 48% used [0x0000000080000000,0x00000000973a91a8,0x00000000af780000)
 Metaspace       used 87166K, committed 88960K, reserved 1179648K
  class space    used 8888K, committed 9664K, reserved 1048576K
}
Event: 609949.406 GC heap after
{Heap after GC invocations=1390 (full 4):
 PSYoungGen      total 16896K, used 500K [0x00000000d5580000, 0x00000000d6880000, 0x0000000100000000)
  eden space 16384K, 0% used [0x00000000d5580000,0x00000000d5580000,0x00000000d6580000)
  from space 512K, 97% used [0x00000000d6800000,0x00000000d687d220,0x00000000d6880000)
  to   space 1024K, 0% used [0x00000000d6680000,0x00000000d6680000,0x00000000d6780000)
 ParOldGen       total 777728K, used 380804K [0x0000000080000000, 0x00000000af780000, 0x00000000d5580000)
  object space 777728K, 48% used [0x0000000080000000,0x00000000973e11b8,0x00000000af780000)
 Metaspace       used 87166K, committed 88960K, reserved 1179648K
  class space    used 8888K, committed 9664K, reserved 1048576K
}

Dll operation events (12 events):
Event: 0.027 Loaded shared library c:\Users\hbautistag\.vscode\extensions\redhat.java-1.45.0-win32-x64\jre\21.0.8-win32-x86_64\bin\java.dll
Event: 0.222 Loaded shared library c:\Users\hbautistag\.vscode\extensions\redhat.java-1.45.0-win32-x64\jre\21.0.8-win32-x86_64\bin\zip.dll
Event: 0.269 Loaded shared library C:\Users\hbautistag\.vscode\extensions\redhat.java-1.45.0-win32-x64\jre\21.0.8-win32-x86_64\bin\instrument.dll
Event: 0.281 Loaded shared library C:\Users\hbautistag\.vscode\extensions\redhat.java-1.45.0-win32-x64\jre\21.0.8-win32-x86_64\bin\net.dll
Event: 0.291 Loaded shared library C:\Users\hbautistag\.vscode\extensions\redhat.java-1.45.0-win32-x64\jre\21.0.8-win32-x86_64\bin\nio.dll
Event: 0.301 Loaded shared library C:\Users\hbautistag\.vscode\extensions\redhat.java-1.45.0-win32-x64\jre\21.0.8-win32-x86_64\bin\zip.dll
Event: 0.351 Loaded shared library C:\Users\hbautistag\.vscode\extensions\redhat.java-1.45.0-win32-x64\jre\21.0.8-win32-x86_64\bin\jimage.dll
Event: 0.727 Loaded shared library c:\Users\hbautistag\.vscode\extensions\redhat.java-1.45.0-win32-x64\jre\21.0.8-win32-x86_64\bin\verify.dll
Event: 3.994 Loaded shared library C:\Users\hbautistag\AppData\Roaming\Code\User\globalStorage\redhat.java\1.45.0\config_win\org.eclipse.equinox.launcher\org.eclipse.equinox.launcher.win32.win32.x86_64_1.2.1400.v20250801-0854\eclipse_11916.dll
Event: 18.189 Loaded shared library C:\Users\hbautistag\AppData\Local\Temp\jna-1434671722\jna1194935669960312808.dll
Event: 25.057 Loaded shared library C:\Users\hbautistag\.vscode\extensions\redhat.java-1.45.0-win32-x64\jre\21.0.8-win32-x86_64\bin\sunmscapi.dll
Event: 25.530 Loaded shared library C:\Users\hbautistag\.vscode\extensions\redhat.java-1.45.0-win32-x64\jre\21.0.8-win32-x86_64\bin\extnet.dll

Deoptimization events (20 events):
Event: 602461.965 Thread 0x00000239f8147220 Uncommon trap: trap_request=0xffffffd6 fr.pc=0x00000239a5a20ad0 relative=0x0000000000001ed0
Event: 602461.965 Thread 0x00000239f8147220 Uncommon trap: reason=array_check action=maybe_recompile pc=0x00000239a5a20ad0 method=java.util.TimSort.mergeHi(IIII)V @ 419 c2
Event: 602461.965 Thread 0x00000239f8147220 DEOPT PACKING pc=0x00000239a5a20ad0 sp=0x000000a92c0fd390
Event: 602461.965 Thread 0x00000239f8147220 DEOPT UNPACKING pc=0x00000239a3f93aa2 sp=0x000000a92c0fd378 mode 2
Event: 602461.965 Thread 0x00000239f8147220 Uncommon trap: trap_request=0xffffffd6 fr.pc=0x00000239a5a20ad0 relative=0x0000000000001ed0
Event: 602461.965 Thread 0x00000239f8147220 Uncommon trap: reason=array_check action=maybe_recompile pc=0x00000239a5a20ad0 method=java.util.TimSort.mergeHi(IIII)V @ 419 c2
Event: 602461.965 Thread 0x00000239f8147220 DEOPT PACKING pc=0x00000239a5a20ad0 sp=0x000000a92c0fd380
Event: 602461.965 Thread 0x00000239f8147220 DEOPT UNPACKING pc=0x00000239a3f93aa2 sp=0x000000a92c0fd368 mode 2
Event: 607562.572 Thread 0x00000239f81485d0 Uncommon trap: trap_request=0xffffffd6 fr.pc=0x00000239a58f0e80 relative=0x0000000000001340
Event: 607562.573 Thread 0x00000239f81485d0 Uncommon trap: reason=array_check action=maybe_recompile pc=0x00000239a58f0e80 method=java.util.TimSort.mergeHi(IIII)V @ 282 c2
Event: 607562.573 Thread 0x00000239f81485d0 DEOPT PACKING pc=0x00000239a58f0e80 sp=0x000000a92bafd930
Event: 607562.574 Thread 0x00000239f81485d0 DEOPT UNPACKING pc=0x00000239a3f93aa2 sp=0x000000a92bafd8f8 mode 2
Event: 609943.766 Thread 0x00000239f8147220 Uncommon trap: trap_request=0xffffffd6 fr.pc=0x00000239a5a317d8 relative=0x0000000000001fb8
Event: 609943.766 Thread 0x00000239f8147220 Uncommon trap: reason=array_check action=maybe_recompile pc=0x00000239a5a317d8 method=java.util.TimSort.mergeHi(IIII)V @ 524 c2
Event: 609943.766 Thread 0x00000239f8147220 DEOPT PACKING pc=0x00000239a5a317d8 sp=0x000000a92bafd950
Event: 609943.766 Thread 0x00000239f8147220 DEOPT UNPACKING pc=0x00000239a3f93aa2 sp=0x000000a92bafd938 mode 2
Event: 609943.766 Thread 0x00000239f8147220 Uncommon trap: trap_request=0xffffffd6 fr.pc=0x00000239a5a317d8 relative=0x0000000000001fb8
Event: 609943.766 Thread 0x00000239f8147220 Uncommon trap: reason=array_check action=maybe_recompile pc=0x00000239a5a317d8 method=java.util.TimSort.mergeHi(IIII)V @ 524 c2
Event: 609943.767 Thread 0x00000239f8147220 DEOPT PACKING pc=0x00000239a5a317d8 sp=0x000000a92bafd940
Event: 609943.767 Thread 0x00000239f8147220 DEOPT UNPACKING pc=0x00000239a3f93aa2 sp=0x000000a92bafd928 mode 2

Classes loaded (20 events):
Event: 469.890 Loading class org/xml/sax/SAXNotSupportedException
Event: 469.890 Loading class org/xml/sax/SAXNotSupportedException done
Event: 469.891 Loading class com/sun/org/apache/xerces/internal/util/URI
Event: 469.892 Loading class com/sun/org/apache/xerces/internal/util/URI done
Event: 469.893 Loading class com/sun/org/apache/xerces/internal/xni/XNIException
Event: 469.893 Loading class com/sun/org/apache/xerces/internal/xni/XNIException done
Event: 469.896 Loading class com/sun/org/apache/xerces/internal/xni/parser/XMLParseException
Event: 469.896 Loading class com/sun/org/apache/xerces/internal/xni/parser/XMLParseException done
Event: 470.234 Loading class java/util/stream/ReduceOps$5
Event: 470.234 Loading class java/util/stream/ReduceOps$5 done
Event: 470.234 Loading class java/util/stream/ReduceOps$CountingSink$OfRef
Event: 470.234 Loading class java/util/stream/ReduceOps$CountingSink
Event: 470.235 Loading class java/util/stream/ReduceOps$CountingSink done
Event: 470.235 Loading class java/util/stream/ReduceOps$CountingSink$OfRef done
Event: 471.166 Loading class java/nio/BufferMismatch
Event: 471.166 Loading class java/nio/BufferMismatch done
Event: 472.560 Loading class java/util/ArrayDeque$DeqSpliterator
Event: 472.560 Loading class java/util/ArrayDeque$DeqSpliterator done
Event: 158195.817 Loading class jdk/internal/access/JavaAWTAccess
Event: 158195.867 Loading class jdk/internal/access/JavaAWTAccess done

Classes unloaded (11 events):
Event: 19.266 Thread 0x00000239b02a3630 Unloading class 0x00000239b21a6800 'java/lang/invoke/LambdaForm$MH+0x00000239b21a6800'
Event: 19.266 Thread 0x00000239b02a3630 Unloading class 0x00000239b21a6400 'java/lang/invoke/LambdaForm$MH+0x00000239b21a6400'
Event: 19.266 Thread 0x00000239b02a3630 Unloading class 0x00000239b21a6000 'java/lang/invoke/LambdaForm$MH+0x00000239b21a6000'
Event: 19.266 Thread 0x00000239b02a3630 Unloading class 0x00000239b21a5c00 'java/lang/invoke/LambdaForm$MH+0x00000239b21a5c00'
Event: 19.266 Thread 0x00000239b02a3630 Unloading class 0x00000239b21a5800 'java/lang/invoke/LambdaForm$BMH+0x00000239b21a5800'
Event: 19.266 Thread 0x00000239b02a3630 Unloading class 0x00000239b21a5400 'java/lang/invoke/LambdaForm$DMH+0x00000239b21a5400'
Event: 19.266 Thread 0x00000239b02a3630 Unloading class 0x00000239b21a4000 'java/lang/invoke/LambdaForm$DMH+0x00000239b21a4000'
Event: 150.936 Thread 0x00000239b02a3630 Unloading class 0x00000239b2705400 'java/lang/invoke/LambdaForm$DMH+0x00000239b2705400'
Event: 150.936 Thread 0x00000239b02a3630 Unloading class 0x00000239b2705000 'java/lang/invoke/LambdaForm$DMH+0x00000239b2705000'
Event: 150.936 Thread 0x00000239b02a3630 Unloading class 0x00000239b2704c00 'java/lang/invoke/LambdaForm$DMH+0x00000239b2704c00'
Event: 150.936 Thread 0x00000239b02a3630 Unloading class 0x00000239b2704800 'java/lang/invoke/LambdaForm$DMH+0x00000239b2704800'

Classes redefined (0 events):
No events

Internal exceptions (20 events):
Event: 460.019 Thread 0x00000239fcfa2d90 Exception <a 'java/lang/ClassNotFoundException'{0x00000000d6386568}: sun/net/www/protocol/jdt/Handler> (0x00000000d6386568) 
thrown [s\src\hotspot\share\classfile\systemDictionary.cpp, line 312]
Event: 460.019 Thread 0x00000239fcfa2d90 Exception <a 'java/lang/ClassNotFoundException'{0x00000000d6388d60}: sun/net/www/protocol/jdt/Handler> (0x00000000d6388d60) 
thrown [s\src\hotspot\share\classfile\systemDictionary.cpp, line 312]
Event: 460.019 Thread 0x00000239fcfa2d90 Exception <a 'java/lang/ClassNotFoundException'{0x00000000d638b558}: sun/net/www/protocol/jdt/Handler> (0x00000000d638b558) 
thrown [s\src\hotspot\share\classfile\systemDictionary.cpp, line 312]
Event: 460.051 Thread 0x00000239f814ce00 Exception <a 'java/lang/ClassNotFoundException'{0x00000000d5ffeeb8}: sun/net/www/protocol/jdt/Handler> (0x00000000d5ffeeb8) 
thrown [s\src\hotspot\share\classfile\systemDictionary.cpp, line 312]
Event: 460.051 Thread 0x00000239f814ce00 Exception <a 'java/lang/ClassNotFoundException'{0x00000000d6001548}: sun/net/www/protocol/jdt/Handler> (0x00000000d6001548) 
thrown [s\src\hotspot\share\classfile\systemDictionary.cpp, line 312]
Event: 464.762 Thread 0x00000239fa506810 Implicit null exception at 0x00000239a54dd37a to 0x00000239a54dd604
Event: 469.479 Thread 0x00000239fa506810 Exception <a 'java/lang/IncompatibleClassChangeError'{0x00000000d595cec8}: Found class java.lang.Object, but interface was expected> (0x00000000d595cec8) 
thrown [s\src\hotspot\share\interpreter\linkResolver.cpp, line 840]
Event: 469.480 Thread 0x00000239fa506810 Exception <a 'java/lang/IncompatibleClassChangeError'{0x00000000d5961010}: Found class java.lang.Object, but interface was expected> (0x00000000d5961010) 
thrown [s\src\hotspot\share\interpreter\linkResolver.cpp, line 840]
Event: 469.656 Thread 0x00000239fa506810 Exception <a 'java/lang/IncompatibleClassChangeError'{0x00000000d57a3358}: Found class java.lang.Object, but interface was expected> (0x00000000d57a3358) 
thrown [s\src\hotspot\share\interpreter\linkResolver.cpp, line 840]
Event: 469.878 Thread 0x00000239f7b9a300 Implicit null exception at 0x00000239a4d7b0f5 to 0x00000239a4d7cd18
Event: 469.881 Thread 0x00000239fa502670 Exception <a 'java/lang/NoSuchMethodError'{0x00000000d64bd548}: 'java.lang.Object java.lang.invoke.DirectMethodHandle$Holder.invokeStatic(java.lang.Object, java.lang.Object, int, java.lang.Object)'> (0x00000000d64bd548) 
thrown [s\src\hotspot\share\interpreter\linkResolver.cpp, line 773]
Event: 470.011 Thread 0x00000239fcfa2d90 Exception <a 'java/lang/ClassNotFoundException'{0x00000000d6044ba0}: sun/net/www/protocol/jdt/Handler> (0x00000000d6044ba0) 
thrown [s\src\hotspot\share\classfile\systemDictionary.cpp, line 312]
Event: 470.011 Thread 0x00000239fcfa2d90 Exception <a 'java/lang/ClassNotFoundException'{0x00000000d6047010}: sun/net/www/protocol/jdt/Handler> (0x00000000d6047010) 
thrown [s\src\hotspot\share\classfile\systemDictionary.cpp, line 312]
Event: 470.173 Thread 0x00000239f7b9a300 Exception <a 'sun/nio/fs/WindowsException'{0x00000000d63ccb78}> (0x00000000d63ccb78) 
thrown [s\src\hotspot\share\prims\jni.cpp, line 520]
Event: 470.192 Thread 0x00000239f7b9a300 Implicit null exception at 0x00000239a527e9a0 to 0x00000239a527ee68
Event: 472.438 Thread 0x00000239f76ca320 Implicit null exception at 0x00000239a4e648b0 to 0x00000239a4e64931
Event: 769.973 Thread 0x00000239f76cb040 Exception <a 'sun/nio/fs/WindowsException'{0x00000000d62100d8}> (0x00000000d62100d8) 
thrown [s\src\hotspot\share\prims\jni.cpp, line 520]
Event: 769.973 Thread 0x00000239f76cb040 Exception <a 'sun/nio/fs/WindowsException'{0x00000000d6210b30}> (0x00000000d6210b30) 
thrown [s\src\hotspot\share\prims\jni.cpp, line 520]
Event: 11085.555 Thread 0x00000239fa506810 Exception <a 'java/lang/IncompatibleClassChangeError'{0x00000000d5c92a30}: Found class java.lang.Object, but interface was expected> (0x00000000d5c92a30) 
thrown [s\src\hotspot\share\interpreter\linkResolver.cpp, line 840]
Event: 20322.890 Thread 0x00000239f814ce00 Implicit null exception at 0x00000239a569ad08 to 0x00000239a569aea9

ZGC Phase Switch (0 events):
No events

VM Operations (20 events):
Event: 612365.016 Executing VM operation: HandshakeAllThreads (HandshakeForDeflation)
Event: 612365.017 Executing VM operation: HandshakeAllThreads (HandshakeForDeflation) done
Event: 612365.017 Executing VM operation: RendezvousGCThreads
Event: 612365.017 Executing VM operation: RendezvousGCThreads done
Event: 613266.978 Executing VM operation: HandshakeAllThreads (HandshakeForDeflation)
Event: 613266.978 Executing VM operation: HandshakeAllThreads (HandshakeForDeflation) done
Event: 613266.978 Executing VM operation: RendezvousGCThreads
Event: 613266.978 Executing VM operation: RendezvousGCThreads done
Event: 614168.456 Executing VM operation: HandshakeAllThreads (HandshakeForDeflation)
Event: 614168.462 Executing VM operation: HandshakeAllThreads (HandshakeForDeflation) done
Event: 614168.462 Executing VM operation: RendezvousGCThreads
Event: 614168.462 Executing VM operation: RendezvousGCThreads done
Event: 615070.948 Executing VM operation: HandshakeAllThreads (HandshakeForDeflation)
Event: 615070.956 Executing VM operation: HandshakeAllThreads (HandshakeForDeflation) done
Event: 615070.956 Executing VM operation: RendezvousGCThreads
Event: 615070.956 Executing VM operation: RendezvousGCThreads done
Event: 615973.221 Executing VM operation: HandshakeAllThreads (HandshakeForDeflation)
Event: 615973.226 Executing VM operation: HandshakeAllThreads (HandshakeForDeflation) done
Event: 615973.226 Executing VM operation: RendezvousGCThreads
Event: 615973.226 Executing VM operation: RendezvousGCThreads done

Memory protections (0 events):
No events

Nmethod flushes (20 events):
Event: 150.981 Thread 0x00000239b02a3630 flushing  nmethod 0x000002399da7f890
Event: 150.981 Thread 0x00000239b02a3630 flushing  nmethod 0x000002399da80f10
Event: 150.981 Thread 0x00000239b02a3630 flushing  nmethod 0x000002399da83d90
Event: 150.981 Thread 0x00000239b02a3630 flushing  nmethod 0x000002399da84310
Event: 150.981 Thread 0x00000239b02a3630 flushing  nmethod 0x000002399da86f90
Event: 150.981 Thread 0x00000239b02a3630 flushing  nmethod 0x000002399da88010
Event: 150.981 Thread 0x00000239b02a3630 flushing  nmethod 0x000002399da89810
Event: 150.981 Thread 0x00000239b02a3630 flushing  nmethod 0x000002399daca410
Event: 150.981 Thread 0x00000239b02a3630 flushing  nmethod 0x000002399dad1a90
Event: 150.981 Thread 0x00000239b02a3630 flushing  nmethod 0x000002399dada410
Event: 150.981 Thread 0x00000239b02a3630 flushing  nmethod 0x000002399dadc410
Event: 150.981 Thread 0x00000239b02a3630 flushing  nmethod 0x000002399dae4810
Event: 150.981 Thread 0x00000239b02a3630 flushing  nmethod 0x000002399dae5790
Event: 150.981 Thread 0x00000239b02a3630 flushing  nmethod 0x000002399dae6310
Event: 150.981 Thread 0x00000239b02a3630 flushing  nmethod 0x000002399dae6a10
Event: 150.981 Thread 0x00000239b02a3630 flushing  nmethod 0x000002399dae7a10
Event: 150.981 Thread 0x00000239b02a3630 flushing  nmethod 0x000002399daeba90
Event: 150.981 Thread 0x00000239b02a3630 flushing  nmethod 0x000002399daf7590
Event: 150.981 Thread 0x00000239b02a3630 flushing  nmethod 0x000002399db16090
Event: 150.981 Thread 0x00000239b02a3630 flushing  nmethod 0x000002399db35d10

Events (20 events):
Event: 602374.486 Thread 0x00000239f9f10a10 Thread exited: 0x00000239f9f10a10
Event: 602439.433 Thread 0x00000239f814a010 Thread exited: 0x00000239f814a010
Event: 602464.420 Thread 0x00000239f814ad30 Thread added: 0x00000239f814a010
Event: 602464.534 Thread 0x00000239b02be3b0 Thread added: 0x00000239f9f14090
Event: 602464.538 Thread 0x00000239b02be3b0 Thread added: 0x00000239f9f139c0
Event: 602466.298 Thread 0x00000239f9f139c0 Thread exited: 0x00000239f9f139c0
Event: 602466.299 Thread 0x00000239f9f14090 Thread exited: 0x00000239f9f14090
Event: 602529.161 Thread 0x00000239f814ad30 Thread exited: 0x00000239f814ad30
Event: 602589.162 Thread 0x00000239f814a010 Thread exited: 0x00000239f814a010
Event: 602649.165 Thread 0x00000239f8147220 Thread exited: 0x00000239f8147220
Event: 607513.743 Thread 0x00000239fa506810 Thread added: 0x00000239f81485d0
Event: 607518.945 Thread 0x00000239f81485d0 Thread added: 0x00000239f8147220
Event: 607622.896 Thread 0x00000239f8147220 Thread exited: 0x00000239f8147220
Event: 607682.915 Thread 0x00000239f81485d0 Thread exited: 0x00000239f81485d0
Event: 607950.897 Thread 0x00000239fa506810 Thread added: 0x00000239f8147220
Event: 608011.895 Thread 0x00000239f8147220 Thread exited: 0x00000239f8147220
Event: 609941.471 Thread 0x00000239fa506810 Thread added: 0x00000239f8147220
Event: 609942.803 Thread 0x00000239f8147220 Thread added: 0x00000239f81485d0
Event: 610012.637 Thread 0x00000239f8147220 Thread exited: 0x00000239f8147220
Event: 610112.875 Thread 0x00000239f81485d0 Thread exited: 0x00000239f81485d0


Dynamic libraries:
0x00007ff70c8c0000 - 0x00007ff70c8ce000 	c:\Users\hbautistag\.vscode\extensions\redhat.java-1.45.0-win32-x64\jre\21.0.8-win32-x86_64\bin\java.exe
0x00007ffe676b0000 - 0x00007ffe678a8000 	C:\Windows\SYSTEM32\ntdll.dll
0x00007ffe66b90000 - 0x00007ffe66c52000 	C:\Windows\System32\KERNEL32.DLL
0x00007ffe64d80000 - 0x00007ffe6507f000 	C:\Windows\System32\KERNELBASE.dll
0x00007ffe654a0000 - 0x00007ffe655a0000 	C:\Windows\System32\ucrtbase.dll
0x00007ffe5c7a0000 - 0x00007ffe5c7b8000 	c:\Users\hbautistag\.vscode\extensions\redhat.java-1.45.0-win32-x64\jre\21.0.8-win32-x86_64\bin\jli.dll
0x00007ffe66270000 - 0x00007ffe6640d000 	C:\Windows\System32\USER32.dll
0x00007ffe65630000 - 0x00007ffe65652000 	C:\Windows\System32\win32u.dll
0x00007ffe673f0000 - 0x00007ffe6741b000 	C:\Windows\System32\GDI32.dll
0x00007ffe65330000 - 0x00007ffe6544a000 	C:\Windows\System32\gdi32full.dll
0x00007ffe65290000 - 0x00007ffe6532d000 	C:\Windows\System32\msvcp_win.dll
0x00007ffe5c7c0000 - 0x00007ffe5c7de000 	c:\Users\hbautistag\.vscode\extensions\redhat.java-1.45.0-win32-x64\jre\21.0.8-win32-x86_64\bin\VCRUNTIME140.dll
0x00007ffe63360000 - 0x00007ffe635fa000 	C:\Windows\WinSxS\amd64_microsoft.windows.common-controls_6595b64144ccf1df_6.0.19041.4355_none_60b8b9eb71f62e16\COMCTL32.dll
0x00007ffe65860000 - 0x00007ffe658fe000 	C:\Windows\System32\msvcrt.dll
0x00007ffe669d0000 - 0x00007ffe669ff000 	C:\Windows\System32\IMM32.DLL
0x00007ffe65900000 - 0x00007ffe65a23000 	C:\Windows\System32\RPCRT4.dll
0x00007ffe671e0000 - 0x00007ffe6728f000 	C:\Windows\System32\ADVAPI32.dll
0x00007ffe675d0000 - 0x00007ffe6766f000 	C:\Windows\System32\sechost.dll
0x00007ffe64d50000 - 0x00007ffe64d77000 	C:\Windows\System32\bcrypt.dll
0x00007ffe65080000 - 0x00007ffe651dc000 	C:\Windows\System32\CRYPT32.dll
0x00007ffe65a40000 - 0x00007ffe661ad000 	C:\Windows\System32\SHELL32.dll
0x00007ffe66210000 - 0x00007ffe66265000 	C:\Windows\System32\SHLWAPI.dll
0x00007ffe64170000 - 0x00007ffe641ab000 	C:\Windows\SYSTEM32\IPHLPAPI.DLL
0x00007ffe62b00000 - 0x00007ffe62ce4000 	C:\Windows\SYSTEM32\dbghelp.dll
0x00007ffe5c770000 - 0x00007ffe5c77c000 	c:\Users\hbautistag\.vscode\extensions\redhat.java-1.45.0-win32-x64\jre\21.0.8-win32-x86_64\bin\vcruntime140_1.dll
0x00007ffe2e3e0000 - 0x00007ffe2e46d000 	c:\Users\hbautistag\.vscode\extensions\redhat.java-1.45.0-win32-x64\jre\21.0.8-win32-x86_64\bin\msvcp140.dll
0x00007ffdf51a0000 - 0x00007ffdf5f37000 	c:\Users\hbautistag\.vscode\extensions\redhat.java-1.45.0-win32-x64\jre\21.0.8-win32-x86_64\bin\server\jvm.dll
0x00007ffe66a00000 - 0x00007ffe66a6b000 	C:\Windows\System32\WS2_32.dll
0x00007ffe642e0000 - 0x00007ffe6432b000 	C:\Windows\SYSTEM32\POWRPROF.dll
0x00007ffe5a780000 - 0x00007ffe5a78a000 	C:\Windows\SYSTEM32\VERSION.dll
0x00007ffe42a50000 - 0x00007ffe42a77000 	C:\Windows\SYSTEM32\WINMM.dll
0x00007ffe64150000 - 0x00007ffe64162000 	C:\Windows\SYSTEM32\UMPDC.dll
0x00007ffe63000000 - 0x00007ffe63012000 	C:\Windows\SYSTEM32\kernel.appcore.dll
0x00007ffe5c760000 - 0x00007ffe5c76a000 	c:\Users\hbautistag\.vscode\extensions\redhat.java-1.45.0-win32-x64\jre\21.0.8-win32-x86_64\bin\jimage.dll
0x00007ffe45ec0000 - 0x00007ffe45ef4000 	C:\Windows\SYSTEM32\dbgcore.DLL
0x00007ffe655a0000 - 0x00007ffe65622000 	C:\Windows\System32\bcryptPrimitives.dll
0x00007ffe5c6e0000 - 0x00007ffe5c6ef000 	c:\Users\hbautistag\.vscode\extensions\redhat.java-1.45.0-win32-x64\jre\21.0.8-win32-x86_64\bin\instrument.dll
0x00007ffe4abe0000 - 0x00007ffe4abff000 	c:\Users\hbautistag\.vscode\extensions\redhat.java-1.45.0-win32-x64\jre\21.0.8-win32-x86_64\bin\java.dll
0x00007ffe61f70000 - 0x00007ffe62714000 	C:\Windows\SYSTEM32\windows.storage.dll
0x00007ffe66410000 - 0x00007ffe66765000 	C:\Windows\System32\combase.dll
0x00007ffe64780000 - 0x00007ffe647af000 	C:\Windows\SYSTEM32\Wldp.dll
0x00007ffe66770000 - 0x00007ffe6683d000 	C:\Windows\System32\OLEAUT32.dll
0x00007ffe67340000 - 0x00007ffe673ed000 	C:\Windows\System32\SHCORE.dll
0x00007ffe64c80000 - 0x00007ffe64ca4000 	C:\Windows\SYSTEM32\profapi.dll
0x00007ffe4abc0000 - 0x00007ffe4abd8000 	c:\Users\hbautistag\.vscode\extensions\redhat.java-1.45.0-win32-x64\jre\21.0.8-win32-x86_64\bin\zip.dll
0x00007ffe5c6d0000 - 0x00007ffe5c6e0000 	C:\Users\hbautistag\.vscode\extensions\redhat.java-1.45.0-win32-x64\jre\21.0.8-win32-x86_64\bin\net.dll
0x00007ffe5bdc0000 - 0x00007ffe5beca000 	C:\Windows\SYSTEM32\WINHTTP.dll
0x00007ffe644e0000 - 0x00007ffe6454c000 	C:\Windows\system32\mswsock.dll
0x00007ffe3bc50000 - 0x00007ffe3bc66000 	C:\Users\hbautistag\.vscode\extensions\redhat.java-1.45.0-win32-x64\jre\21.0.8-win32-x86_64\bin\nio.dll
0x00007ffe5c650000 - 0x00007ffe5c660000 	c:\Users\hbautistag\.vscode\extensions\redhat.java-1.45.0-win32-x64\jre\21.0.8-win32-x86_64\bin\verify.dll
0x00007ffe352d0000 - 0x00007ffe35314000 	C:\Users\hbautistag\AppData\Roaming\Code\User\globalStorage\redhat.java\1.45.0\config_win\org.eclipse.equinox.launcher\org.eclipse.equinox.launcher.win32.win32.x86_64_1.2.1400.v20250801-0854\eclipse_11916.dll
0x00007ffe656d0000 - 0x00007ffe657fb000 	C:\Windows\System32\ole32.dll
0x00007ffe646e0000 - 0x00007ffe646f8000 	C:\Windows\SYSTEM32\CRYPTSP.dll
0x00007ffe63d90000 - 0x00007ffe63dc4000 	C:\Windows\system32\rsaenh.dll
0x00007ffe64c40000 - 0x00007ffe64c6e000 	C:\Windows\SYSTEM32\USERENV.dll
0x00007ffe646d0000 - 0x00007ffe646dc000 	C:\Windows\SYSTEM32\CRYPTBASE.dll
0x00007ffe65a30000 - 0x00007ffe65a38000 	C:\Windows\System32\NSI.dll
0x00007ffe2e850000 - 0x00007ffe2e899000 	C:\Users\hbautistag\AppData\Local\Temp\jna-1434671722\jna1194935669960312808.dll
0x00007ffe668d0000 - 0x00007ffe668d8000 	C:\Windows\System32\PSAPI.DLL
0x00007ffe5ee60000 - 0x00007ffe5ee77000 	C:\Windows\SYSTEM32\dhcpcsvc6.DLL
0x00007ffe5ee40000 - 0x00007ffe5ee5d000 	C:\Windows\SYSTEM32\dhcpcsvc.DLL
0x00007ffe4ad20000 - 0x00007ffe4ad2e000 	C:\Users\hbautistag\.vscode\extensions\redhat.java-1.45.0-win32-x64\jre\21.0.8-win32-x86_64\bin\sunmscapi.dll
0x00007ffe647f0000 - 0x00007ffe64817000 	C:\Windows\SYSTEM32\ncrypt.dll
0x00007ffe647b0000 - 0x00007ffe647eb000 	C:\Windows\SYSTEM32\NTASN1.dll
0x00007ffe641b0000 - 0x00007ffe6427a000 	C:\Windows\SYSTEM32\DNSAPI.dll
0x00007ffe55860000 - 0x00007ffe5586a000 	C:\Windows\System32\rasadhlp.dll
0x00007ffe5fe90000 - 0x00007ffe5ff10000 	C:\Windows\System32\fwpuclnt.dll
0x00007ffe4ac50000 - 0x00007ffe4ac59000 	C:\Users\hbautistag\.vscode\extensions\redhat.java-1.45.0-win32-x64\jre\21.0.8-win32-x86_64\bin\extnet.dll
0x00007ffe63fe0000 - 0x00007ffe64013000 	C:\Windows\SYSTEM32\ntmarta.dll
0x00007ffe5fb30000 - 0x00007ffe5fbe1000 	C:\Program Files\McAfee\Endpoint Security\Threat Prevention\Ips\EpMPApi.dll
0x00007ffe65660000 - 0x00007ffe656c9000 	C:\Windows\System32\WINTRUST.dll
0x00007ffe64910000 - 0x00007ffe64922000 	C:\Windows\SYSTEM32\MSASN1.dll
0x0000000073e40000 - 0x0000000073e4c000 	C:\Program Files\McAfee\Endpoint Security\Threat Prevention\Ips\EpMPThe.dll
0x00007ffe5fad0000 - 0x00007ffe5fb2b000 	C:\Program Files\McAfee\Endpoint Security\Threat Prevention\Ips\HIPHandlers64.dll

JVMTI agents:
c:\Users\hbautistag\.vscode\extensions\redhat.java-1.45.0-win32-x64\lombok\lombok-1.18.39-4050.jar path:c:\Users\hbautistag\.vscode\extensions\redhat.java-1.45.0-win32-x64\jre\21.0.8-win32-x86_64\bin\instrument.dll, loaded, initialized, instrumentlib options:none

dbghelp: loaded successfully - version: 4.0.5 - missing functions: none
symbol engine: initialized successfully - sym options: 0x614 - pdb path: .;c:\Users\hbautistag\.vscode\extensions\redhat.java-1.45.0-win32-x64\jre\21.0.8-win32-x86_64\bin;C:\Windows\SYSTEM32;C:\Windows\WinSxS\amd64_microsoft.windows.common-controls_6595b64144ccf1df_6.0.19041.4355_none_60b8b9eb71f62e16;C:\Program Files\McAfee\Endpoint Security\Threat Prevention\Ips;c:\Users\hbautistag\.vscode\extensions\redhat.java-1.45.0-win32-x64\jre\21.0.8-win32-x86_64\bin\server;C:\Users\hbautistag\AppData\Roaming\Code\User\globalStorage\redhat.java\1.45.0\config_win\org.eclipse.equinox.launcher\org.eclipse.equinox.launcher.win32.win32.x86_64_1.2.1400.v20250801-0854;C:\Users\hbautistag\AppData\Local\Temp\jna-1434671722

VM Arguments:
jvm_args: --add-modules=ALL-SYSTEM --add-opens=java.base/java.util=ALL-UNNAMED --add-opens=java.base/java.lang=ALL-UNNAMED --add-opens=java.base/sun.nio.fs=ALL-UNNAMED -Declipse.application=org.eclipse.jdt.ls.core.id1 -Dosgi.bundles.defaultStartLevel=4 -Declipse.product=org.eclipse.jdt.ls.core.product -Djava.import.generatesMetadataFilesAtProjectRoot=false -DDetectVMInstallationsJob.disabled=true -Dfile.encoding=utf8 -XX:+UseParallelGC -XX:GCTimeRatio=4 -XX:AdaptiveSizePolicyWeight=90 -Dsun.zip.disableMemoryMapping=true -Xmx2G -Xms100m -Xlog:disable -javaagent:c:\Users\hbautistag\.vscode\extensions\redhat.java-1.45.0-win32-x64\lombok\lombok-1.18.39-4050.jar -XX:+HeapDumpOnOutOfMemoryError -XX:HeapDumpPath=c:\Users\hbautistag\AppData\Roaming\Code\User\workspaceStorage\869cc50323e5f608700e61a62b306868\redhat.java -Daether.dependencyCollector.impl=bf 
java_command: c:\Users\hbautistag\.vscode\extensions\redhat.java-1.45.0-win32-x64\server\plugins\org.eclipse.equinox.launcher_1.7.0.v20250519-0528.jar -configuration c:\Users\hbautistag\AppData\Roaming\Code\User\globalStorage\redhat.java\1.45.0\config_win -data c:\Users\hbautistag\AppData\Roaming\Code\User\workspaceStorage\869cc50323e5f608700e61a62b306868\redhat.java\jdt_ws --pipe=\\.\pipe\lsp-4bb35236a9d2c07cc6325676f4bd1baf-sock
java_class_path (initial): c:\Users\hbautistag\.vscode\extensions\redhat.java-1.45.0-win32-x64\server\plugins\org.eclipse.equinox.launcher_1.7.0.v20250519-0528.jar
Launcher Type: SUN_STANDARD

[Global flags]
    uintx AdaptiveSizePolicyWeight                 = 90                                        {product} {command line}
     intx CICompilerCount                          = 4                                         {product} {ergonomic}
    uintx GCTimeRatio                              = 4                                         {product} {command line}
     bool HeapDumpOnOutOfMemoryError               = true                                   {manageable} {command line}
    ccstr HeapDumpPath                             = c:\Users\hbautistag\AppData\Roaming\Code\User\workspaceStorage\869cc50323e5f608700e61a62b306868\redhat.java         {manageable} {command line}
   size_t InitialHeapSize                          = 104857600                                 {product} {command line}
   size_t MaxHeapSize                              = 2147483648                                {product} {command line}
   size_t MaxNewSize                               = 715653120                                 {product} {ergonomic}
   size_t MinHeapDeltaBytes                        = 524288                                    {product} {ergonomic}
   size_t MinHeapSize                              = 104857600                                 {product} {command line}
   size_t NewSize                                  = 34603008                                  {product} {ergonomic}
    uintx NonNMethodCodeHeapSize                   = 5839372                                {pd product} {ergonomic}
    uintx NonProfiledCodeHeapSize                  = 122909434                              {pd product} {ergonomic}
   size_t OldSize                                  = 70254592                                  {product} {ergonomic}
    uintx ProfiledCodeHeapSize                     = 122909434                              {pd product} {ergonomic}
    uintx ReservedCodeCacheSize                    = 251658240                              {pd product} {ergonomic}
     bool SegmentedCodeCache                       = true                                      {product} {ergonomic}
   size_t SoftMaxHeapSize                          = 2147483648                             {manageable} {ergonomic}
     bool UseCompressedOops                        = true                           {product lp64_product} {ergonomic}
     bool UseLargePagesIndividualAllocation        = false                                  {pd product} {ergonomic}
     bool UseParallelGC                            = true                                      {product} {command line}

Logging:
Log output configuration:
 #0: stdout all=off uptime,level,tags foldmultilines=false
 #1: stderr all=off uptime,level,tags foldmultilines=false

Environment Variables:
JAVA_HOME=D:\JDK\jdk-21.0.4
PATH=C:\Program Files (x86)\VMware\VMware Player\bin\;C:\Windows\system32;C:\Windows;C:\Windows\System32\Wbem;C:\Windows\System32\WindowsPowerShell\v1.0\;C:\Windows\System32\OpenSSH\;C:\Program Files\PuTTY\;C:\Program Files\dotnet\;C:\Users\hbautistag\AppData\Local\Programs\Python\Python312\Scripts\;C:\Users\hbautistag\AppData\Local\Programs\Python\Python312\;C:\Users\hbautistag\AppData\Local\Programs\Python\Launcher\;C:\Users\hbautistag\AppData\Local\Microsoft\WindowsApps;C:\Users\hbautistag\AppData\Local\Programs\Microsoft VS Code\bin;D:\JDK\jdk-21.0.4\bin;C:\Users\hbautistag\AppData\Local\Programs\Gpg4win\..\GnuPG\bin;C:\MinGW\bin;C:\Users\hbautistag\Desktop\programas\node\node-v20.15.1-win-x64;C:\Program Files (x86)\7-Zip;C:\Users\hbautistag\AppData\Local\Programs\Git\cmd;C:\Users\hbautistag\Desktop\programas\cmake-3.30.2-windows-x86_64\bin;C:\Users\hbautistag\Desktop\CPM_Formateo\enviroment\Scripts;C:\Users\hbautistag\Desktop\programas\apache-maven-3.9.9\bin;C:\Users\hbautistag\AppData\Local\Programs\mongosh\;C:\Users\hbautistag\AppData\Local\Programs\MiKTeX\miktex\bin\x64\;D:\Hadad\programas\ffmpeg\bin;D:\Hadad\programas\node\node-v20.15.1-win-x64\;D:\Hadad\programas\openssl-3.5.0\x64\bin;
USERNAME=hbautistag
OS=Windows_NT
PROCESSOR_IDENTIFIER=Intel64 Family 6 Model 142 Stepping 12, GenuineIntel
TMP=C:\Users\HBAUTI~1\AppData\Local\Temp
TEMP=C:\Users\HBAUTI~1\AppData\Local\Temp




Periodic native trim disabled

---------------  S Y S T E M  ---------------

OS:
 Windows 10 , 64 bit Build 19041 (10.0.19041.5438)
OS uptime: 27 days 21:15 hours

CPU: total 8 (initial active 8) (4 cores per cpu, 2 threads per core) family 6 model 142 stepping 12 microcode 0xfa, cx8, cmov, fxsr, ht, mmx, 3dnowpref, sse, sse2, sse3, ssse3, sse4.1, sse4.2, popcnt, lzcnt, tsc, tscinvbit, avx, avx2, aes, erms, clmul, bmi1, bmi2, adx, fma, vzeroupper, clflush, clflushopt, rdtscp, f16c
Processor Information for the first 8 processors :
  Max Mhz: 2112, Current Mhz: 1609, Mhz Limit: 1605

Memory: 4k page, system-wide physical 16221M (2072M free)
TotalPageFile size 46652M (AvailPageFile size 6M)
current process WorkingSet (physical memory assigned to process): 8M, peak: 1244M
current process commit charge ("private bytes"): 1164M, peak: 1181M

vm_info: OpenJDK 64-Bit Server VM (21.0.8+9-LTS) for windows-amd64 JRE (21.0.8+9-LTS), built on 2025-07-15T00:00:00Z by "admin" with MS VC++ 17.7 (VS2022)

END.
