#
# There is insufficient memory for the Java Runtime Environment to continue.
# Native memory allocation (malloc) failed to allocate 155856 bytes. Error detail: Chunk::new
# Possible reasons:
#   The system is out of physical RAM or swap space
#   This process is running with CompressedOops enabled, and the Java Heap may be blocking the growth of the native heap
# Possible solutions:
#   Reduce memory load on the system
#   Increase physical memory or swap space
#   Check if swap backing store is full
#   Decrease Java heap size (-Xmx/-Xms)
#   Decrease number of Java threads
#   Decrease Java thread stack sizes (-Xss)
#   Set larger code cache with -XX:ReservedCodeCacheSize=
#   JVM is running with Unscaled Compressed Oops mode in which the Java heap is
#     placed in the first 4GB address space. The Java Heap base address is the
#     maximum limit for the native heap growth. Please use -XX:HeapBaseMinAddress
#     to set the Java Heap base and to place the Java Heap above 4GB virtual address.
# This output file may be truncated or incomplete.
#
#  Out of Memory Error (arena.cpp:168), pid=224796, tid=220008
#
# JRE version: OpenJDK Runtime Environment Temurin-21.0.5+11 (21.0.5+11) (build 21.0.5+11-LTS)
# Java VM: OpenJDK 64-Bit Server VM Temurin-21.0.5+11 (21.0.5+11-LTS, mixed mode, sharing, tiered, compressed oops, compressed class ptrs, parallel gc, windows-amd64)
# No core dump will be written. Minidumps are not enabled by default on client versions of Windows
#

---------------  S U M M A R Y ------------

Command Line: --add-modules=ALL-SYSTEM --add-opens=java.base/java.util=ALL-UNNAMED --add-opens=java.base/java.lang=ALL-UNNAMED --add-opens=java.base/sun.nio.fs=ALL-UNNAMED -Declipse.application=org.eclipse.jdt.ls.core.id1 -Dosgi.bundles.defaultStartLevel=4 -Declipse.product=org.eclipse.jdt.ls.core.product -Djava.import.generatesMetadataFilesAtProjectRoot=false -DDetectVMInstallationsJob.disabled=true -Dfile.encoding=utf8 -XX:+UseParallelGC -XX:GCTimeRatio=4 -XX:AdaptiveSizePolicyWeight=90 -Dsun.zip.disableMemoryMapping=true -Xmx1G -Xms100m -Xlog:disable -javaagent:c:\Users\hbautistag\.vscode\extensions\redhat.java-1.39.0-win32-x64\lombok\lombok-1.18.34.jar c:\Users\hbautistag\.vscode\extensions\redhat.java-1.39.0-win32-x64\server\plugins\org.eclipse.equinox.launcher_1.6.900.v20240613-2009.jar -configuration c:\Users\hbautistag\AppData\Roaming\Code\User\globalStorage\redhat.java\1.39.0\config_ss_win -data c:\Users\hbautistag\AppData\Roaming\Code\User\workspaceStorage\4c03b5564353329741c58eb1c0ccedfa\redhat.java\ss_ws --pipe=\\.\pipe\lsp-152eb7d6c25891a0da37ca03d66d6219-sock

Host: Intel(R) Core(TM) i5-10210U CPU @ 1.60GHz, 8 cores, 15G,  Windows 10 , 64 bit Build 19041 (10.0.19041.5072)
Time: Thu Feb 27 10:10:09 2025 Hora estándar central (México) elapsed time: 1.033469 seconds (0d 0h 0m 1s)

---------------  T H R E A D  ---------------

Current thread (0x000002eaf4890080):  JavaThread "C2 CompilerThread0" daemon [_thread_in_native, id=220008, stack(0x000000f7c3300000,0x000000f7c3400000) (1024K)]


Current CompileTask:
C2:1033  913   !   4       java.util.jar.Attributes::read (494 bytes)

Stack: [0x000000f7c3300000,0x000000f7c3400000]
Native frames: (J=compiled Java code, j=interpreted, Vv=VM code, C=native code)
V  [jvm.dll+0x6cd4e9]
V  [jvm.dll+0x8a7941]
V  [jvm.dll+0x8a9e6e]
V  [jvm.dll+0x8aa543]
V  [jvm.dll+0x27f6d6]
V  [jvm.dll+0xc500d]
V  [jvm.dll+0xc5543]
V  [jvm.dll+0x3b65d2]
V  [jvm.dll+0x1dfa6b]
V  [jvm.dll+0x247b22]
V  [jvm.dll+0x246faf]
V  [jvm.dll+0x1c75ce]
V  [jvm.dll+0x25682a]
V  [jvm.dll+0x254dca]
V  [jvm.dll+0x3f00d6]
V  [jvm.dll+0x8514fb]
V  [jvm.dll+0x6cbbed]
C  [ucrtbase.dll+0x21bb2]
C  [KERNEL32.DLL+0x17374]
C  [ntdll.dll+0x4cc91]


---------------  P R O C E S S  ---------------

Threads class SMR info:
_java_thread_list=0x000002eaf4bb0980, length=11, elements={
0x000002ea9d839b70, 0x000002eab1d3edf0, 0x000002eab1d405b0, 0x000002eab1d47da0,
0x000002eab1d48d50, 0x000002eab1d4a510, 0x000002eab1d4b160, 0x000002eaf4890080,
0x000002eaf48b82b0, 0x000002ea9d89e310, 0x000002eaf4bbf8a0
}

Java Threads: ( => current thread )
  0x000002ea9d839b70 JavaThread "main"                              [_thread_in_Java, id=205692, stack(0x000000f7c2900000,0x000000f7c2a00000) (1024K)]
  0x000002eab1d3edf0 JavaThread "Reference Handler"          daemon [_thread_blocked, id=226960, stack(0x000000f7c2d00000,0x000000f7c2e00000) (1024K)]
  0x000002eab1d405b0 JavaThread "Finalizer"                  daemon [_thread_blocked, id=223760, stack(0x000000f7c2e00000,0x000000f7c2f00000) (1024K)]
  0x000002eab1d47da0 JavaThread "Signal Dispatcher"          daemon [_thread_blocked, id=225160, stack(0x000000f7c2f00000,0x000000f7c3000000) (1024K)]
  0x000002eab1d48d50 JavaThread "Attach Listener"            daemon [_thread_blocked, id=225356, stack(0x000000f7c3000000,0x000000f7c3100000) (1024K)]
  0x000002eab1d4a510 JavaThread "Service Thread"             daemon [_thread_blocked, id=225296, stack(0x000000f7c3100000,0x000000f7c3200000) (1024K)]
  0x000002eab1d4b160 JavaThread "Monitor Deflation Thread"   daemon [_thread_blocked, id=208264, stack(0x000000f7c3200000,0x000000f7c3300000) (1024K)]
=>0x000002eaf4890080 JavaThread "C2 CompilerThread0"         daemon [_thread_in_native, id=220008, stack(0x000000f7c3300000,0x000000f7c3400000) (1024K)]
  0x000002eaf48b82b0 JavaThread "C1 CompilerThread0"         daemon [_thread_blocked, id=210996, stack(0x000000f7c3400000,0x000000f7c3500000) (1024K)]
  0x000002ea9d89e310 JavaThread "Common-Cleaner"             daemon [_thread_blocked, id=222280, stack(0x000000f7c3500000,0x000000f7c3600000) (1024K)]
  0x000002eaf4bbf8a0 JavaThread "Notification Thread"        daemon [_thread_blocked, id=226564, stack(0x000000f7c3600000,0x000000f7c3700000) (1024K)]
Total: 11

Other Threads:
  0x000002eab1d33f30 VMThread "VM Thread"                           [id=217464, stack(0x000000f7c2c00000,0x000000f7c2d00000) (1024K)]
  0x000002ea9d89d980 WatcherThread "VM Periodic Task Thread"        [id=226424, stack(0x000000f7c2b00000,0x000000f7c2c00000) (1024K)]
  0x000002ea9d850a60 WorkerThread "GC Thread#0"                     [id=223784, stack(0x000000f7c2a00000,0x000000f7c2b00000) (1024K)]
  0x000002eaf91b4770 WorkerThread "GC Thread#1"                     [id=227228, stack(0x000000f7c3700000,0x000000f7c3800000) (1024K)]
  0x000002eaf91b4b10 WorkerThread "GC Thread#2"                     [id=222688, stack(0x000000f7c3800000,0x000000f7c3900000) (1024K)]
  0x000002eaf92d1d50 WorkerThread "GC Thread#3"                     [id=221160, stack(0x000000f7c3900000,0x000000f7c3a00000) (1024K)]
  0x000002eaf92d20f0 WorkerThread "GC Thread#4"                     [id=202652, stack(0x000000f7c3a00000,0x000000f7c3b00000) (1024K)]
  0x000002eaf92d2490 WorkerThread "GC Thread#5"                     [id=19440, stack(0x000000f7c3b00000,0x000000f7c3c00000) (1024K)]
  0x000002eaf934ab30 WorkerThread "GC Thread#6"                     [id=226848, stack(0x000000f7c3c00000,0x000000f7c3d00000) (1024K)]
Total: 9

Threads with active compile tasks:
C2 CompilerThread0  1489  913   !   4       java.util.jar.Attributes::read (494 bytes)
Total: 1

VM state: not at safepoint (normal execution)

VM Mutex/Monitor currently owned by a thread: None

Heap address: 0x00000000c0000000, size: 1024 MB, Compressed Oops mode: 32-bit

CDS archive(s) mapped at: [0x000002eab2000000-0x000002eab2ba0000-0x000002eab2ba0000), size 12189696, SharedBaseAddress: 0x000002eab2000000, ArchiveRelocationMode: 1.
Compressed class space mapped at: 0x000002eab3000000-0x000002eaf3000000, reserved size: 1073741824
Narrow klass base: 0x000002eab2000000, Narrow klass shift: 0, Narrow klass range: 0x100000000

GC Precious Log:
 CardTable entry size: 512
 CPUs: 8 total, 8 available
 Memory: 16221M
 Large Page Support: Disabled
 NUMA Support: Disabled
 Compressed Oops: Enabled (32-bit)
 Alignments: Space 512K, Generation 512K, Heap 2M
 Heap Min Capacity: 100M
 Heap Initial Capacity: 100M
 Heap Max Capacity: 1G
 Pre-touch: Disabled
 Parallel Workers: 8

Heap:
 PSYoungGen      total 29696K, used 5845K [0x00000000eab00000, 0x00000000ecc00000, 0x0000000100000000)
  eden space 25600K, 10% used [0x00000000eab00000,0x00000000ead8db98,0x00000000ec400000)
  from space 4096K, 78% used [0x00000000ec400000,0x00000000ec727af0,0x00000000ec800000)
  to   space 4096K, 0% used [0x00000000ec800000,0x00000000ec800000,0x00000000ecc00000)
 ParOldGen       total 68608K, used 16K [0x00000000c0000000, 0x00000000c4300000, 0x00000000eab00000)
  object space 68608K, 0% used [0x00000000c0000000,0x00000000c0004000,0x00000000c4300000)
 Metaspace       used 4822K, committed 5120K, reserved 1114112K
  class space    used 480K, committed 640K, reserved 1048576K

Card table byte_map: [0x000002ea9d1a0000,0x000002ea9d3b0000] _byte_map_base: 0x000002ea9cba0000

Marking Bits: (ParMarkBitMap*) 0x00007ffd17a42250
 Begin Bits: [0x000002eaafb50000, 0x000002eab0b50000)
 End Bits:   [0x000002eab0b50000, 0x000002eab1b50000)

Polling page: 0x000002ea9b3e0000

Metaspace:

Usage:
  Non-class:      4.24 MB used.
      Class:    480.48 KB used.
       Both:      4.71 MB used.

Virtual space:
  Non-class space:       64.00 MB reserved,       4.38 MB (  7%) committed,  1 nodes.
      Class space:        1.00 GB reserved,     640.00 KB ( <1%) committed,  1 nodes.
             Both:        1.06 GB reserved,       5.00 MB ( <1%) committed. 

Chunk freelists:
   Non-Class:  10.73 MB
       Class:  15.43 MB
        Both:  26.16 MB

MaxMetaspaceSize: unlimited
CompressedClassSpaceSize: 1.00 GB
Initial GC threshold: 21.00 MB
Current GC threshold: 21.00 MB
CDS: on
 - commit_granule_bytes: 65536.
 - commit_granule_words: 8192.
 - virtual_space_node_default_size: 8388608.
 - enlarge_chunks_in_place: 1.
 - use_allocation_guard: 0.


Internal statistics:

num_allocs_failed_limit: 0.
num_arena_births: 144.
num_arena_deaths: 0.
num_vsnodes_births: 2.
num_vsnodes_deaths: 0.
num_space_committed: 80.
num_space_uncommitted: 0.
num_chunks_returned_to_freelist: 0.
num_chunks_taken_from_freelist: 216.
num_chunk_merges: 0.
num_chunk_splits: 149.
num_chunks_enlarged: 102.
num_inconsistent_stats: 0.

CodeHeap 'non-profiled nmethods': size=120000Kb used=386Kb max_used=386Kb free=119613Kb
 bounds [0x000002eaa8620000, 0x000002eaa8890000, 0x000002eaafb50000]
CodeHeap 'profiled nmethods': size=120000Kb used=1876Kb max_used=1876Kb free=118123Kb
 bounds [0x000002eaa0b50000, 0x000002eaa0dc0000, 0x000002eaa8080000]
CodeHeap 'non-nmethods': size=5760Kb used=1193Kb max_used=1208Kb free=4566Kb
 bounds [0x000002eaa8080000, 0x000002eaa82f0000, 0x000002eaa8620000]
 total_blobs=1574 nmethods=1122 adapters=359
 compilation: enabled
              stopped_count=0, restarted_count=0
 full_count=0

Compilation events (20 events):
Event: 0.873 Thread 0x000002eaf48b82b0  958       3       java.nio.DirectLongBufferU::ix (10 bytes)
Event: 0.873 Thread 0x000002eaf48b82b0 nmethod 958 0x000002eaa0cd2990 code [0x000002eaa0cd2b20, 0x000002eaa0cd2c40]
Event: 0.875 Thread 0x000002eaf4890080 nmethod 912 0x000002eaa8677a10 code [0x000002eaa8677be0, 0x000002eaa86781f0]
Event: 0.875 Thread 0x000002eaf4890080  913   !   4       java.util.jar.Attributes::read (494 bytes)
Event: 0.876 Thread 0x000002eaf48b82b0  959       1       java.util.Collections$EmptyIterator::hasNext (2 bytes)
Event: 0.876 Thread 0x000002eaf48b82b0 nmethod 959 0x000002eaa8678490 code [0x000002eaa8678620, 0x000002eaa86786e8]
Event: 0.876 Thread 0x000002eaf48b82b0  960       3       java.util.ArrayDeque::pollFirst (36 bytes)
Event: 0.876 Thread 0x000002eaf48b82b0 nmethod 960 0x000002eaa0cd2d10 code [0x000002eaa0cd2ee0, 0x000002eaa0cd3290]
Event: 0.882 Thread 0x000002eaf48b82b0  961       3       java.lang.StringConcatHelper::mix (27 bytes)
Event: 0.882 Thread 0x000002eaf48b82b0 nmethod 961 0x000002eaa0cd3410 code [0x000002eaa0cd35e0, 0x000002eaa0cd39c0]
Event: 0.882 Thread 0x000002eaf48b82b0  962       3       java.lang.StringConcatHelper::checkOverflow (17 bytes)
Event: 0.882 Thread 0x000002eaf48b82b0 nmethod 962 0x000002eaa0cd3b90 code [0x000002eaa0cd3d40, 0x000002eaa0cd3f08]
Event: 0.882 Thread 0x000002eaf48b82b0  963       3       java.lang.StringConcatHelper::prepend (37 bytes)
Event: 0.883 Thread 0x000002eaf48b82b0 nmethod 963 0x000002eaa0cd4010 code [0x000002eaa0cd41e0, 0x000002eaa0cd44a0]
Event: 0.892 Thread 0x000002eaf48b82b0  964       3       java.util.Properties::getProperty (50 bytes)
Event: 0.892 Thread 0x000002eaf48b82b0 nmethod 964 0x000002eaa0cd4610 code [0x000002eaa0cd4800, 0x000002eaa0cd4cf0]
Event: 0.892 Thread 0x000002eaf48b82b0  965   !   3       jdk.internal.loader.BuiltinClassLoader::loadClassOrNull (143 bytes)
Event: 0.893 Thread 0x000002eaf48b82b0 nmethod 965 0x000002eaa0cd4e10 code [0x000002eaa0cd50e0, 0x000002eaa0cd6000]
Event: 0.893 Thread 0x000002eaf48b82b0  966       1       java.util.zip.ZipEntry::getSize (5 bytes)
Event: 0.894 Thread 0x000002eaf48b82b0 nmethod 966 0x000002eaa8678790 code [0x000002eaa8678920, 0x000002eaa86789e8]

GC Heap History (0 events):
No events

Dll operation events (8 events):
Event: 0.033 Loaded shared library c:\Users\hbautistag\.vscode\extensions\redhat.java-1.39.0-win32-x64\jre\21.0.5-win32-x86_64\bin\java.dll
Event: 0.164 Loaded shared library c:\Users\hbautistag\.vscode\extensions\redhat.java-1.39.0-win32-x64\jre\21.0.5-win32-x86_64\bin\zip.dll
Event: 0.203 Loaded shared library C:\Users\hbautistag\.vscode\extensions\redhat.java-1.39.0-win32-x64\jre\21.0.5-win32-x86_64\bin\instrument.dll
Event: 0.214 Loaded shared library C:\Users\hbautistag\.vscode\extensions\redhat.java-1.39.0-win32-x64\jre\21.0.5-win32-x86_64\bin\net.dll
Event: 0.221 Loaded shared library C:\Users\hbautistag\.vscode\extensions\redhat.java-1.39.0-win32-x64\jre\21.0.5-win32-x86_64\bin\nio.dll
Event: 0.228 Loaded shared library C:\Users\hbautistag\.vscode\extensions\redhat.java-1.39.0-win32-x64\jre\21.0.5-win32-x86_64\bin\zip.dll
Event: 0.254 Loaded shared library C:\Users\hbautistag\.vscode\extensions\redhat.java-1.39.0-win32-x64\jre\21.0.5-win32-x86_64\bin\jimage.dll
Event: 0.388 Loaded shared library c:\Users\hbautistag\.vscode\extensions\redhat.java-1.39.0-win32-x64\jre\21.0.5-win32-x86_64\bin\verify.dll

Deoptimization events (20 events):
Event: 0.842 Thread 0x000002ea9d839b70 Uncommon trap: trap_request=0xffffffc6 fr.pc=0x000002eaa866e20c relative=0x000000000000032c
Event: 0.842 Thread 0x000002ea9d839b70 Uncommon trap: reason=bimorphic_or_optimized_type_check action=maybe_recompile pc=0x000002eaa866e20c method=java.util.HashMap.getNode(Ljava/lang/Object;)Ljava/util/HashMap$Node; @ 128 c2
Event: 0.842 Thread 0x000002ea9d839b70 DEOPT PACKING pc=0x000002eaa866e20c sp=0x000000f7c29fda00
Event: 0.842 Thread 0x000002ea9d839b70 DEOPT UNPACKING pc=0x000002eaa80d3aa2 sp=0x000000f7c29fd978 mode 2
Event: 0.844 Thread 0x000002ea9d839b70 Uncommon trap: trap_request=0xffffffc6 fr.pc=0x000002eaa866e20c relative=0x000000000000032c
Event: 0.844 Thread 0x000002ea9d839b70 Uncommon trap: reason=bimorphic_or_optimized_type_check action=maybe_recompile pc=0x000002eaa866e20c method=java.util.HashMap.getNode(Ljava/lang/Object;)Ljava/util/HashMap$Node; @ 128 c2
Event: 0.844 Thread 0x000002ea9d839b70 DEOPT PACKING pc=0x000002eaa866e20c sp=0x000000f7c29fd690
Event: 0.844 Thread 0x000002ea9d839b70 DEOPT UNPACKING pc=0x000002eaa80d3aa2 sp=0x000000f7c29fd608 mode 2
Event: 0.892 Thread 0x000002ea9d839b70 Uncommon trap: trap_request=0xffffffde fr.pc=0x000002eaa86656dc relative=0x00000000000005bc
Event: 0.892 Thread 0x000002ea9d839b70 Uncommon trap: reason=class_check action=maybe_recompile pc=0x000002eaa86656dc method=java.util.Collections$UnmodifiableCollection$1.<init>(Ljava/util/Collections$UnmodifiableCollection;)V @ 17 c2
Event: 0.892 Thread 0x000002ea9d839b70 DEOPT PACKING pc=0x000002eaa86656dc sp=0x000000f7c29feb20
Event: 0.892 Thread 0x000002ea9d839b70 DEOPT UNPACKING pc=0x000002eaa80d3aa2 sp=0x000000f7c29fea68 mode 2
Event: 0.892 Thread 0x000002ea9d839b70 Uncommon trap: trap_request=0xffffffc6 fr.pc=0x000002eaa865b504 relative=0x00000000000002c4
Event: 0.892 Thread 0x000002ea9d839b70 Uncommon trap: reason=bimorphic_or_optimized_type_check action=maybe_recompile pc=0x000002eaa865b504 method=java.util.Collections$UnmodifiableCollection$1.next()Ljava/lang/Object; @ 4 c2
Event: 0.892 Thread 0x000002ea9d839b70 DEOPT PACKING pc=0x000002eaa865b504 sp=0x000000f7c29feb30
Event: 0.892 Thread 0x000002ea9d839b70 DEOPT UNPACKING pc=0x000002eaa80d3aa2 sp=0x000000f7c29feae0 mode 2
Event: 0.892 Thread 0x000002ea9d839b70 Uncommon trap: trap_request=0xffffffc6 fr.pc=0x000002eaa865b504 relative=0x00000000000002c4
Event: 0.892 Thread 0x000002ea9d839b70 Uncommon trap: reason=bimorphic_or_optimized_type_check action=maybe_recompile pc=0x000002eaa865b504 method=java.util.Collections$UnmodifiableCollection$1.next()Ljava/lang/Object; @ 4 c2
Event: 0.892 Thread 0x000002ea9d839b70 DEOPT PACKING pc=0x000002eaa865b504 sp=0x000000f7c29feb30
Event: 0.892 Thread 0x000002ea9d839b70 DEOPT UNPACKING pc=0x000002eaa80d3aa2 sp=0x000000f7c29feae0 mode 2

Classes loaded (20 events):
Event: 0.842 Loading class sun/util/logging/PlatformLogger
Event: 0.842 Loading class sun/util/logging/PlatformLogger done
Event: 0.842 Loading class sun/util/logging/PlatformLogger$Level
Event: 0.842 Loading class sun/util/logging/PlatformLogger$Level done
Event: 0.851 Loading class java/io/BufferedReader
Event: 0.852 Loading class java/io/BufferedReader done
Event: 0.852 Loading class sun/nio/cs/StreamDecoder
Event: 0.852 Loading class sun/nio/cs/StreamDecoder done
Event: 0.852 Loading class sun/nio/cs/UTF_8$Decoder
Event: 0.853 Loading class sun/nio/cs/UTF_8$Decoder done
Event: 0.868 Loading class java/util/UUID
Event: 0.868 Loading class java/util/UUID done
Event: 0.868 Loading class java/util/concurrent/atomic/AtomicBoolean
Event: 0.869 Loading class java/util/concurrent/atomic/AtomicBoolean done
Event: 0.869 Loading class java/lang/invoke/VarHandleInts$FieldInstanceReadWrite
Event: 0.869 Loading class java/lang/invoke/VarHandleInts$FieldInstanceReadOnly
Event: 0.869 Loading class java/lang/invoke/VarHandleInts$FieldInstanceReadOnly done
Event: 0.869 Loading class java/lang/invoke/VarHandleInts$FieldInstanceReadWrite done
Event: 0.883 Loading class java/nio/file/FileVisitor
Event: 0.883 Loading class java/nio/file/FileVisitor done

Classes unloaded (0 events):
No events

Classes redefined (0 events):
No events

Internal exceptions (20 events):
Event: 0.304 Thread 0x000002ea9d839b70 Exception <a 'java/lang/NoSuchMethodError'{0x00000000eaf64910}: 'java.lang.Object java.lang.invoke.DirectMethodHandle$Holder.invokeStatic(java.lang.Object, java.lang.Object, java.lang.Object, java.lang.Object, int)'> (0x00000000eaf64910) 
thrown [s\src\hotspot\share\interpreter\linkResolver.cpp, line 773]
Event: 0.306 Thread 0x000002ea9d839b70 Exception <a 'java/lang/NoSuchMethodError'{0x00000000eaf6fd50}: 'void java.lang.invoke.DelegatingMethodHandle$Holder.reinvoke_L(java.lang.Object, java.lang.Object, java.lang.Object, int, java.lang.Object)'> (0x00000000eaf6fd50) 
thrown [s\src\hotspot\share\interpreter\linkResolver.cpp, line 773]
Event: 0.308 Thread 0x000002ea9d839b70 Exception <a 'java/lang/NoSuchMethodError'{0x00000000eaf80908}: 'int java.lang.invoke.DirectMethodHandle$Holder.invokeSpecial(java.lang.Object, java.lang.Object, java.lang.Object)'> (0x00000000eaf80908) 
thrown [s\src\hotspot\share\interpreter\linkResolver.cpp, line 773]
Event: 0.311 Thread 0x000002ea9d839b70 Exception <a 'java/lang/NoSuchMethodError'{0x00000000eaf8c5c8}: 'java.lang.Object java.lang.invoke.DirectMethodHandle$Holder.invokeStatic(java.lang.Object, java.lang.Object, int)'> (0x00000000eaf8c5c8) 
thrown [s\src\hotspot\share\interpreter\linkResolver.cpp, line 773]
Event: 0.312 Thread 0x000002ea9d839b70 Exception <a 'java/lang/NoSuchMethodError'{0x00000000eaf90f18}: 'void java.lang.invoke.DirectMethodHandle$Holder.invokeStatic(java.lang.Object, java.lang.Object, int, java.lang.Object)'> (0x00000000eaf90f18) 
thrown [s\src\hotspot\share\interpreter\linkResolver.cpp, line 773]
Event: 0.312 Thread 0x000002ea9d839b70 Exception <a 'java/lang/NoSuchMethodError'{0x00000000eaf94aa8}: 'void java.lang.invoke.DirectMethodHandle$Holder.invokeSpecial(java.lang.Object, java.lang.Object, java.lang.Object, int, java.lang.Object)'> (0x00000000eaf94aa8) 
thrown [s\src\hotspot\share\interpreter\linkResolver.cpp, line 773]
Event: 0.313 Thread 0x000002ea9d839b70 Exception <a 'java/lang/NoSuchMethodError'{0x00000000eaf97f18}: 'void java.lang.invoke.DelegatingMethodHandle$Holder.delegate(java.lang.Object, java.lang.Object, int, java.lang.Object)'> (0x00000000eaf97f18) 
thrown [s\src\hotspot\share\interpreter\linkResolver.cpp, line 773]
Event: 0.424 Thread 0x000002ea9d839b70 Exception <a 'java/lang/NoSuchMethodError'{0x00000000eb154e10}: 'void java.lang.invoke.DelegatingMethodHandle$Holder.reinvoke_L(java.lang.Object, java.lang.Object, java.lang.Object, int)'> (0x00000000eb154e10) 
thrown [s\src\hotspot\share\interpreter\linkResolver.cpp, line 773]
Event: 0.578 Thread 0x000002ea9d839b70 Exception <a 'java/lang/NoSuchMethodError'{0x00000000eb5d9548}: 'void java.lang.invoke.DirectMethodHandle$Holder.invokeVirtual(java.lang.Object, java.lang.Object)'> (0x00000000eb5d9548) 
thrown [s\src\hotspot\share\interpreter\linkResolver.cpp, line 773]
Event: 0.678 Thread 0x000002ea9d839b70 Exception <a 'java/lang/ClassNotFoundException'{0x00000000eb9dcc80}: sun/net/www/protocol/c/Handler> (0x00000000eb9dcc80) 
thrown [s\src\hotspot\share\classfile\systemDictionary.cpp, line 312]
Event: 0.683 Thread 0x000002ea9d839b70 Exception <a 'java/io/FileNotFoundException'{0x00000000eb9f2078}> (0x00000000eb9f2078) 
thrown [s\src\hotspot\share\prims\jni.cpp, line 520]
Event: 0.684 Thread 0x000002ea9d839b70 Exception <a 'java/io/FileNotFoundException'{0x00000000eb9f2df8}> (0x00000000eb9f2df8) 
thrown [s\src\hotspot\share\prims\jni.cpp, line 520]
Event: 0.684 Thread 0x000002ea9d839b70 Exception <a 'java/io/FileNotFoundException'{0x00000000eb9f3b58}> (0x00000000eb9f3b58) 
thrown [s\src\hotspot\share\prims\jni.cpp, line 520]
Event: 0.684 Thread 0x000002ea9d839b70 Exception <a 'java/io/FileNotFoundException'{0x00000000eb9f4700}> (0x00000000eb9f4700) 
thrown [s\src\hotspot\share\prims\jni.cpp, line 520]
Event: 0.690 Thread 0x000002ea9d839b70 Exception <a 'java/io/FileNotFoundException'{0x00000000eba2ea98}> (0x00000000eba2ea98) 
thrown [s\src\hotspot\share\prims\jni.cpp, line 520]
Event: 0.814 Thread 0x000002ea9d839b70 Exception <a 'java/lang/NoSuchMethodError'{0x00000000ebe705a0}: 'java.lang.ClassLoader java.lang.ClassLoader.getPlatformClassLoader(java.lang.Class)'> (0x00000000ebe705a0) 
thrown [s\src\hotspot\share\interpreter\linkResolver.cpp, line 773]
Event: 0.875 Thread 0x000002ea9d839b70 Exception <a 'java/lang/ClassNotFoundException'{0x00000000ec274600}: sun/net/www/protocol/c/Handler> (0x00000000ec274600) 
thrown [s\src\hotspot\share\classfile\systemDictionary.cpp, line 312]
Event: 0.876 Thread 0x000002ea9d839b70 Exception <a 'java/lang/ClassNotFoundException'{0x00000000ec2759b8}: sun/net/www/protocol/c/Handler> (0x00000000ec2759b8) 
thrown [s\src\hotspot\share\classfile\systemDictionary.cpp, line 312]
Event: 0.876 Thread 0x000002ea9d839b70 Exception <a 'java/lang/ClassNotFoundException'{0x00000000ec276ba0}: sun/net/www/protocol/c/Handler> (0x00000000ec276ba0) 
thrown [s\src\hotspot\share\classfile\systemDictionary.cpp, line 312]
Event: 0.892 Thread 0x000002ea9d839b70 Exception <a 'java/io/FileNotFoundException'{0x00000000ec29bf10}> (0x00000000ec29bf10) 
thrown [s\src\hotspot\share\prims\jni.cpp, line 520]

ZGC Phase Switch (0 events):
No events

VM Operations (10 events):
Event: 0.161 Executing VM operation: HandshakeAllThreads (Deoptimize)
Event: 0.161 Executing VM operation: HandshakeAllThreads (Deoptimize) done
Event: 0.270 Executing VM operation: HandshakeAllThreads (Deoptimize)
Event: 0.270 Executing VM operation: HandshakeAllThreads (Deoptimize) done
Event: 0.658 Executing VM operation: HandshakeAllThreads (Deoptimize)
Event: 0.658 Executing VM operation: HandshakeAllThreads (Deoptimize) done
Event: 0.674 Executing VM operation: HandshakeAllThreads (Deoptimize)
Event: 0.674 Executing VM operation: HandshakeAllThreads (Deoptimize) done
Event: 0.853 Executing VM operation: HandshakeAllThreads (Deoptimize)
Event: 0.853 Executing VM operation: HandshakeAllThreads (Deoptimize) done

Memory protections (0 events):
No events

Nmethod flushes (0 events):
No events

Events (11 events):
Event: 0.061 Thread 0x000002ea9d839b70 Thread added: 0x000002ea9d839b70
Event: 0.094 Thread 0x000002ea9d839b70 Thread added: 0x000002eab1d3edf0
Event: 0.094 Thread 0x000002ea9d839b70 Thread added: 0x000002eab1d405b0
Event: 0.095 Thread 0x000002ea9d839b70 Thread added: 0x000002eab1d47da0
Event: 0.095 Thread 0x000002ea9d839b70 Thread added: 0x000002eab1d48d50
Event: 0.096 Thread 0x000002ea9d839b70 Thread added: 0x000002eab1d4a510
Event: 0.096 Thread 0x000002ea9d839b70 Thread added: 0x000002eab1d4b160
Event: 0.097 Thread 0x000002ea9d839b70 Thread added: 0x000002eaf4890080
Event: 0.112 Thread 0x000002ea9d839b70 Thread added: 0x000002eaf48b82b0
Event: 0.143 Thread 0x000002ea9d839b70 Thread added: 0x000002ea9d89e310
Event: 0.518 Thread 0x000002ea9d839b70 Thread added: 0x000002eaf4bbf8a0


Dynamic libraries:
0x00007ff767b20000 - 0x00007ff767b2e000 	c:\Users\hbautistag\.vscode\extensions\redhat.java-1.39.0-win32-x64\jre\21.0.5-win32-x86_64\bin\java.exe
0x00007ffd9c8f0000 - 0x00007ffd9cae8000 	C:\Windows\SYSTEM32\ntdll.dll
0x00007ffd9b040000 - 0x00007ffd9b102000 	C:\Windows\System32\KERNEL32.DLL
0x00007ffd9a170000 - 0x00007ffd9a46e000 	C:\Windows\System32\KERNELBASE.dll
0x00007ffd9a6c0000 - 0x00007ffd9a7c0000 	C:\Windows\System32\ucrtbase.dll
0x00007ffd809e0000 - 0x00007ffd809f8000 	c:\Users\hbautistag\.vscode\extensions\redhat.java-1.39.0-win32-x64\jre\21.0.5-win32-x86_64\bin\jli.dll
0x00007ffd802f0000 - 0x00007ffd8030e000 	c:\Users\hbautistag\.vscode\extensions\redhat.java-1.39.0-win32-x64\jre\21.0.5-win32-x86_64\bin\VCRUNTIME140.dll
0x00007ffd9bce0000 - 0x00007ffd9be7d000 	C:\Windows\System32\USER32.dll
0x00007ffd80af0000 - 0x00007ffd80d8a000 	C:\Windows\WinSxS\amd64_microsoft.windows.common-controls_6595b64144ccf1df_6.0.19041.4355_none_60b8b9eb71f62e16\COMCTL32.dll
0x00007ffd9a690000 - 0x00007ffd9a6b2000 	C:\Windows\System32\win32u.dll
0x00007ffd9b3e0000 - 0x00007ffd9b47e000 	C:\Windows\System32\msvcrt.dll
0x00007ffd9b920000 - 0x00007ffd9b94b000 	C:\Windows\System32\GDI32.dll
0x00007ffd99f90000 - 0x00007ffd9a0a7000 	C:\Windows\System32\gdi32full.dll
0x00007ffd9a870000 - 0x00007ffd9a90d000 	C:\Windows\System32\msvcp_win.dll
0x00007ffd9ac20000 - 0x00007ffd9ac4f000 	C:\Windows\System32\IMM32.DLL
0x00007ffd1b040000 - 0x00007ffd1b0f1000 	C:\Program Files\McAfee\Endpoint Security\Threat Prevention\Ips\EpMPApi.dll
0x00007ffd9c780000 - 0x00007ffd9c8a3000 	C:\Windows\System32\RPCRT4.dll
0x00007ffd9b170000 - 0x00007ffd9b221000 	C:\Windows\System32\ADVAPI32.dll
0x00007ffd9aad0000 - 0x00007ffd9ab6f000 	C:\Windows\System32\sechost.dll
0x00007ffd9a470000 - 0x00007ffd9a497000 	C:\Windows\System32\bcrypt.dll
0x00007ffd9a0b0000 - 0x00007ffd9a119000 	C:\Windows\System32\WINTRUST.dll
0x00007ffd9a4a0000 - 0x00007ffd9a5fc000 	C:\Windows\System32\CRYPT32.dll
0x00007ffd99b50000 - 0x00007ffd99b62000 	C:\Windows\SYSTEM32\MSASN1.dll
0x00000000551c0000 - 0x00000000551cc000 	C:\Program Files\McAfee\Endpoint Security\Threat Prevention\Ips\EpMPThe.dll
0x00007ffd412f0000 - 0x00007ffd4134b000 	C:\Program Files\McAfee\Endpoint Security\Threat Prevention\Ips\HIPHandlers64.dll
0x00007ffd9bf60000 - 0x00007ffd9c6cd000 	C:\Windows\System32\SHELL32.dll
0x00007ffd9a910000 - 0x00007ffd9a965000 	C:\Windows\System32\SHLWAPI.dll
0x00007ffd993b0000 - 0x00007ffd993eb000 	C:\Windows\SYSTEM32\IPHLPAPI.DLL
0x00007ffd97a20000 - 0x00007ffd97c04000 	C:\Windows\SYSTEM32\dbghelp.dll
0x00007ffd80da0000 - 0x00007ffd80dac000 	c:\Users\hbautistag\.vscode\extensions\redhat.java-1.39.0-win32-x64\jre\21.0.5-win32-x86_64\bin\vcruntime140_1.dll
0x00007ffd57890000 - 0x00007ffd5791d000 	c:\Users\hbautistag\.vscode\extensions\redhat.java-1.39.0-win32-x64\jre\21.0.5-win32-x86_64\bin\msvcp140.dll
0x00007ffd16d90000 - 0x00007ffd17b1f000 	c:\Users\hbautistag\.vscode\extensions\redhat.java-1.39.0-win32-x64\jre\21.0.5-win32-x86_64\bin\server\jvm.dll
0x00007ffd9bee0000 - 0x00007ffd9bf4b000 	C:\Windows\System32\WS2_32.dll
0x00007ffd99520000 - 0x00007ffd9956b000 	C:\Windows\SYSTEM32\POWRPROF.dll
0x00007ffd793f0000 - 0x00007ffd79417000 	C:\Windows\SYSTEM32\WINMM.dll
0x00007ffd904c0000 - 0x00007ffd904ca000 	C:\Windows\SYSTEM32\VERSION.dll
0x00007ffd99390000 - 0x00007ffd993a2000 	C:\Windows\SYSTEM32\UMPDC.dll
0x00007ffd985d0000 - 0x00007ffd985e2000 	C:\Windows\SYSTEM32\kernel.appcore.dll
0x00007ffd806c0000 - 0x00007ffd806ca000 	c:\Users\hbautistag\.vscode\extensions\redhat.java-1.39.0-win32-x64\jre\21.0.5-win32-x86_64\bin\jimage.dll
0x00007ffd7a110000 - 0x00007ffd7a144000 	C:\Windows\SYSTEM32\dbgcore.DLL
0x00007ffd9a600000 - 0x00007ffd9a682000 	C:\Windows\System32\bcryptPrimitives.dll
0x00007ffd7f850000 - 0x00007ffd7f85f000 	c:\Users\hbautistag\.vscode\extensions\redhat.java-1.39.0-win32-x64\jre\21.0.5-win32-x86_64\bin\instrument.dll
0x00007ffd75080000 - 0x00007ffd7509f000 	c:\Users\hbautistag\.vscode\extensions\redhat.java-1.39.0-win32-x64\jre\21.0.5-win32-x86_64\bin\java.dll
0x00007ffd97c10000 - 0x00007ffd983b4000 	C:\Windows\SYSTEM32\windows.storage.dll
0x00007ffd9ac50000 - 0x00007ffd9afa3000 	C:\Windows\System32\combase.dll
0x00007ffd999c0000 - 0x00007ffd999ee000 	C:\Windows\SYSTEM32\Wldp.dll
0x00007ffd9b960000 - 0x00007ffd9ba2d000 	C:\Windows\System32\OLEAUT32.dll
0x000002ea9d710000 - 0x000002ea9d7bd000 	C:\Windows\System32\SHCORE.dll
0x00007ffd99ec0000 - 0x00007ffd99ee4000 	C:\Windows\SYSTEM32\profapi.dll
0x00007ffd73570000 - 0x00007ffd73588000 	c:\Users\hbautistag\.vscode\extensions\redhat.java-1.39.0-win32-x64\jre\21.0.5-win32-x86_64\bin\zip.dll
0x00007ffd7c1d0000 - 0x00007ffd7c1e0000 	C:\Users\hbautistag\.vscode\extensions\redhat.java-1.39.0-win32-x64\jre\21.0.5-win32-x86_64\bin\net.dll
0x00007ffd91260000 - 0x00007ffd9136d000 	C:\Windows\SYSTEM32\WINHTTP.dll
0x00007ffd99720000 - 0x00007ffd9978a000 	C:\Windows\system32\mswsock.dll
0x00007ffd72e80000 - 0x00007ffd72e96000 	C:\Users\hbautistag\.vscode\extensions\redhat.java-1.39.0-win32-x64\jre\21.0.5-win32-x86_64\bin\nio.dll
0x00007ffd74f50000 - 0x00007ffd74f60000 	c:\Users\hbautistag\.vscode\extensions\redhat.java-1.39.0-win32-x64\jre\21.0.5-win32-x86_64\bin\verify.dll

dbghelp: loaded successfully - version: 4.0.5 - missing functions: none
symbol engine: initialized successfully - sym options: 0x614 - pdb path: .;c:\Users\hbautistag\.vscode\extensions\redhat.java-1.39.0-win32-x64\jre\21.0.5-win32-x86_64\bin;C:\Windows\SYSTEM32;C:\Windows\WinSxS\amd64_microsoft.windows.common-controls_6595b64144ccf1df_6.0.19041.4355_none_60b8b9eb71f62e16;C:\Program Files\McAfee\Endpoint Security\Threat Prevention\Ips;c:\Users\hbautistag\.vscode\extensions\redhat.java-1.39.0-win32-x64\jre\21.0.5-win32-x86_64\bin\server

VM Arguments:
jvm_args: --add-modules=ALL-SYSTEM --add-opens=java.base/java.util=ALL-UNNAMED --add-opens=java.base/java.lang=ALL-UNNAMED --add-opens=java.base/sun.nio.fs=ALL-UNNAMED -Declipse.application=org.eclipse.jdt.ls.core.id1 -Dosgi.bundles.defaultStartLevel=4 -Declipse.product=org.eclipse.jdt.ls.core.product -Djava.import.generatesMetadataFilesAtProjectRoot=false -DDetectVMInstallationsJob.disabled=true -Dfile.encoding=utf8 -XX:+UseParallelGC -XX:GCTimeRatio=4 -XX:AdaptiveSizePolicyWeight=90 -Dsun.zip.disableMemoryMapping=true -Xmx1G -Xms100m -Xlog:disable -javaagent:c:\Users\hbautistag\.vscode\extensions\redhat.java-1.39.0-win32-x64\lombok\lombok-1.18.34.jar 
java_command: c:\Users\hbautistag\.vscode\extensions\redhat.java-1.39.0-win32-x64\server\plugins\org.eclipse.equinox.launcher_1.6.900.v20240613-2009.jar -configuration c:\Users\hbautistag\AppData\Roaming\Code\User\globalStorage\redhat.java\1.39.0\config_ss_win -data c:\Users\hbautistag\AppData\Roaming\Code\User\workspaceStorage\4c03b5564353329741c58eb1c0ccedfa\redhat.java\ss_ws --pipe=\\.\pipe\lsp-152eb7d6c25891a0da37ca03d66d6219-sock
java_class_path (initial): c:\Users\hbautistag\.vscode\extensions\redhat.java-1.39.0-win32-x64\server\plugins\org.eclipse.equinox.launcher_1.6.900.v20240613-2009.jar
Launcher Type: SUN_STANDARD

[Global flags]
    uintx AdaptiveSizePolicyWeight                 = 90                                        {product} {command line}
     intx CICompilerCount                          = 4                                         {product} {ergonomic}
    uintx GCTimeRatio                              = 4                                         {product} {command line}
   size_t InitialHeapSize                          = 104857600                                 {product} {command line}
   size_t MaxHeapSize                              = 1073741824                                {product} {command line}
   size_t MaxNewSize                               = 357564416                                 {product} {ergonomic}
   size_t MinHeapDeltaBytes                        = 524288                                    {product} {ergonomic}
   size_t MinHeapSize                              = 104857600                                 {product} {command line}
   size_t NewSize                                  = 34603008                                  {product} {ergonomic}
    uintx NonNMethodCodeHeapSize                   = 5839372                                {pd product} {ergonomic}
    uintx NonProfiledCodeHeapSize                  = 122909434                              {pd product} {ergonomic}
   size_t OldSize                                  = 70254592                                  {product} {ergonomic}
    uintx ProfiledCodeHeapSize                     = 122909434                              {pd product} {ergonomic}
    uintx ReservedCodeCacheSize                    = 251658240                              {pd product} {ergonomic}
     bool SegmentedCodeCache                       = true                                      {product} {ergonomic}
   size_t SoftMaxHeapSize                          = 1073741824                             {manageable} {ergonomic}
     bool UseCompressedOops                        = true                           {product lp64_product} {ergonomic}
     bool UseLargePagesIndividualAllocation        = false                                  {pd product} {ergonomic}
     bool UseParallelGC                            = true                                      {product} {command line}

Logging:
Log output configuration:
 #0: stdout all=off uptime,level,tags foldmultilines=false
 #1: stderr all=off uptime,level,tags foldmultilines=false

Environment Variables:
PATH=C:\Program Files (x86)\VMware\VMware Player\bin\;C:\Windows\system32;C:\Windows;C:\Windows\System32\Wbem;C:\Windows\System32\WindowsPowerShell\v1.0\;C:\Windows\System32\OpenSSH\;C:\Program Files\PuTTY\;C:\Program Files\dotnet\;C:\Users\hbautistag\AppData\Local\Programs\Python\Python312\Scripts\;C:\Users\hbautistag\AppData\Local\Programs\Python\Python312\;C:\Users\hbautistag\AppData\Local\Programs\Python\Launcher\;C:\Users\hbautistag\AppData\Local\Microsoft\WindowsApps;C:\Users\hbautistag\AppData\Local\Programs\Microsoft VS Code\bin;D:\JDK\jdk-21.0.4\bin;C:\Users\hbautistag\AppData\Local\Programs\Gpg4win\..\GnuPG\bin;C:\MinGW\bin;C:\Users\hbautistag\Desktop\programas\node\node-v20.15.1-win-x64;C:\Program Files (x86)\7-Zip;C:\Users\hbautistag\AppData\Local\Programs\Git\cmd;C:\Users\hbautistag\Desktop\programas\cmake-3.30.2-windows-x86_64\bin;C:\Users\hbautistag\Desktop\CPM_Formateo\enviroment\Scripts;C:\Users\hbautistag\Desktop\programas\apache-maven-3.9.9\bin;C:\Users\hbautistag\AppData\Local\Programs\mongosh\
USERNAME=hbautistag
OS=Windows_NT
PROCESSOR_IDENTIFIER=Intel64 Family 6 Model 142 Stepping 12, GenuineIntel
TMP=C:\Users\HBAUTI~1\AppData\Local\Temp
TEMP=C:\Users\HBAUTI~1\AppData\Local\Temp




Periodic native trim disabled

---------------  S Y S T E M  ---------------

OS:
 Windows 10 , 64 bit Build 19041 (10.0.19041.5072)
OS uptime: 12 days 21:19 hours

CPU: total 8 (initial active 8) (4 cores per cpu, 2 threads per core) family 6 model 142 stepping 12 microcode 0xfa, cx8, cmov, fxsr, ht, mmx, 3dnowpref, sse, sse2, sse3, ssse3, sse4.1, sse4.2, popcnt, lzcnt, tsc, tscinvbit, avx, avx2, aes, erms, clmul, bmi1, bmi2, adx, fma, vzeroupper, clflush, clflushopt, rdtscp, f16c
Processor Information for all 8 processors :
  Max Mhz: 2112, Current Mhz: 1609, Mhz Limit: 1605

Memory: 4k page, system-wide physical 16221M (139M free)
TotalPageFile size 46664M (AvailPageFile size 0M)
current process WorkingSet (physical memory assigned to process): 79M, peak: 79M
current process commit charge ("private bytes"): 200M, peak: 200M

vm_info: OpenJDK 64-Bit Server VM (21.0.5+11-LTS) for windows-amd64 JRE (21.0.5+11-LTS), built on 2024-10-15T00:00:00Z by "admin" with MS VC++ 17.7 (VS2022)

END.
